TN:
SF:prototype/web-v1/engine/events-core.js
FN:25,clampBounded
FN:29,sanitizeCharacterEffects
FN:37,sanitizeContextEffects
FN:45,normalizeContextArchetype
FN:67,applyClockDelta
FN:83,buildEnvironmentEventPlan
FN:95,applyContextEvent
FN:113,eventMatchesTrigger
FN:127,applyCharacterEvent
FNF:9
FNH:9
FNDA:69,clampBounded
FNDA:9,sanitizeCharacterEffects
FNDA:14,sanitizeContextEffects
FNDA:12,normalizeContextArchetype
FNDA:1,applyClockDelta
FNDA:4,buildEnvironmentEventPlan
FNDA:3,applyContextEvent
FNDA:9,eventMatchesTrigger
FNDA:12,applyCharacterEvent
DA:1,5
DA:2,5
DA:3,5
DA:4,5
DA:5,5
DA:6,5
DA:7,5
DA:8,5
DA:9,5
DA:10,5
DA:11,5
DA:12,5
DA:13,5
DA:14,5
DA:15,5
DA:16,5
DA:17,5
DA:18,5
DA:19,5
DA:20,5
DA:21,5
DA:22,5
DA:23,5
DA:24,5
DA:25,69
DA:26,69
DA:27,69
DA:28,5
DA:29,9
DA:30,9
DA:31,9
DA:32,9
DA:33,9
DA:34,9
DA:35,9
DA:36,5
DA:37,14
DA:38,14
DA:39,14
DA:40,14
DA:41,14
DA:42,14
DA:43,14
DA:44,5
DA:45,12
DA:46,12
DA:47,12
DA:48,12
DA:49,12
DA:50,12
DA:51,12
DA:52,12
DA:53,12
DA:54,12
DA:55,12
DA:56,12
DA:57,12
DA:58,12
DA:59,12
DA:60,12
DA:61,12
DA:62,12
DA:63,12
DA:64,12
DA:65,12
DA:66,5
DA:67,5
DA:68,1
DA:69,1
DA:70,1
DA:71,1
DA:72,1
DA:73,1
DA:74,1
DA:75,1
DA:76,0
DA:77,0
DA:78,0
DA:79,1
DA:80,1
DA:81,1
DA:82,5
DA:83,5
DA:84,4
DA:85,4
DA:86,4
DA:87,4
DA:88,4
DA:89,12
DA:90,12
DA:91,4
DA:92,4
DA:93,4
DA:94,5
DA:95,5
DA:96,3
DA:97,3
DA:98,3
DA:99,2
DA:100,3
DA:101,3
DA:102,3
DA:103,3
DA:104,3
DA:105,3
DA:106,3
DA:107,3
DA:108,3
DA:109,3
DA:110,3
DA:111,3
DA:112,5
DA:113,5
DA:114,9
DA:115,9
DA:116,9
DA:117,9
DA:118,9
DA:119,9
DA:120,9
DA:121,9
DA:122,9
DA:123,9
DA:124,9
DA:125,9
DA:126,5
DA:127,5
DA:128,12
DA:129,12
DA:130,12
DA:131,12
DA:132,12
DA:133,12
DA:134,12
DA:135,12
DA:136,12
DA:137,12
DA:138,12
DA:139,12
DA:140,12
DA:141,12
DA:142,12
DA:143,12
DA:144,9
DA:145,12
DA:146,12
DA:147,12
DA:148,12
DA:149,9
DA:150,9
DA:151,9
DA:152,9
DA:153,9
DA:154,9
DA:155,9
DA:156,9
DA:157,9
DA:158,9
DA:159,9
DA:160,9
DA:161,3
DA:162,3
DA:163,12
LF:163
LH:160
BRDA:1,0,0,5
BRDA:25,1,0,69
BRDA:26,2,0,10
BRDA:29,3,0,9
BRDA:37,4,0,14
BRDA:39,5,0,1
BRDA:40,6,0,1
BRDA:41,7,0,1
BRDA:45,8,0,12
BRDA:46,9,0,0
BRDA:47,10,0,0
BRDA:47,11,0,0
BRDA:50,12,0,1
BRDA:51,13,0,2
BRDA:52,14,0,1
BRDA:54,15,0,0
BRDA:55,16,0,4
BRDA:55,17,0,8
BRDA:59,18,0,1
BRDA:60,19,0,1
BRDA:61,20,0,0
BRDA:67,21,0,1
BRDA:75,22,0,0
BRDA:83,23,0,4
BRDA:84,24,0,0
BRDA:85,25,0,0
BRDA:88,26,0,12
BRDA:90,27,0,26
BRDA:92,28,0,12
BRDA:92,29,0,12
BRDA:95,30,0,3
BRDA:97,31,0,2
BRDA:97,32,0,1
BRDA:98,33,0,1
BRDA:98,34,0,1
BRDA:98,35,0,0
BRDA:99,36,0,2
BRDA:100,37,0,1
BRDA:103,38,0,1
BRDA:103,39,0,1
BRDA:103,40,0,1
BRDA:96,41,0,3
BRDA:113,42,0,9
BRDA:114,43,0,0
BRDA:115,44,0,0
BRDA:116,45,0,2
BRDA:116,46,0,0
BRDA:117,47,0,1
BRDA:117,48,0,0
BRDA:118,49,0,1
BRDA:118,50,0,0
BRDA:119,51,0,1
BRDA:119,52,0,0
BRDA:120,53,0,0
BRDA:120,54,0,0
BRDA:121,55,0,4
BRDA:121,56,0,0
BRDA:122,57,0,1
BRDA:122,58,0,0
BRDA:123,59,0,0
BRDA:123,60,0,0
BRDA:127,61,0,12
BRDA:129,62,0,0
BRDA:132,63,0,0
BRDA:134,64,0,0
BRDA:136,65,0,8
BRDA:137,66,0,0
BRDA:138,67,0,0
BRDA:139,68,0,0
BRDA:141,69,0,11
BRDA:141,70,0,2
BRDA:142,71,0,10
BRDA:142,72,0,1
BRDA:143,73,0,9
BRDA:143,74,0,0
BRDA:144,75,0,9
BRDA:145,76,0,0
BRDA:148,77,0,9
BRDA:149,78,0,0
BRDA:151,79,0,11
BRDA:151,80,0,9
BRDA:161,81,0,3
BRDA:131,82,0,62
BRF:83
BRH:53
end_of_record
TN:
SF:prototype/web-v1/engine/pressure-model.js
FN:6,calculateEnvironmentalPressureScore
FN:47,calculateBodyToleranceScore
FNF:2
FNH:2
FNDA:2,calculateEnvironmentalPressureScore
FNDA:1,calculateBodyToleranceScore
DA:1,1
DA:2,1
DA:3,1
DA:4,1
DA:5,1
DA:6,1
DA:7,2
DA:8,2
DA:9,2
DA:10,2
DA:11,2
DA:12,2
DA:13,2
DA:14,2
DA:15,2
DA:16,2
DA:17,2
DA:18,2
DA:19,2
DA:20,2
DA:21,2
DA:22,2
DA:23,2
DA:24,2
DA:25,2
DA:26,2
DA:27,2
DA:28,2
DA:29,2
DA:30,2
DA:31,2
DA:32,2
DA:33,2
DA:34,2
DA:35,2
DA:36,2
DA:37,2
DA:38,2
DA:39,2
DA:40,2
DA:41,2
DA:42,2
DA:43,2
DA:44,2
DA:45,2
DA:46,1
DA:47,1
DA:48,1
DA:49,1
DA:50,1
DA:51,1
DA:52,1
DA:53,1
DA:54,1
DA:55,1
DA:56,1
DA:57,1
DA:58,1
DA:59,1
DA:60,1
DA:61,1
DA:62,1
DA:63,1
DA:64,1
DA:65,1
DA:66,1
DA:67,1
DA:68,1
LF:68
LH:68
BRDA:1,0,0,1
BRDA:6,1,0,2
BRDA:14,2,0,0
BRDA:15,3,0,1
BRDA:16,4,0,1
BRDA:17,5,0,1
BRDA:18,6,0,1
BRDA:19,7,0,1
BRDA:20,8,0,1
BRDA:22,9,0,1
BRDA:22,10,0,1
BRDA:23,11,0,1
BRDA:23,12,0,1
BRDA:24,13,0,1
BRDA:24,14,0,1
BRDA:25,15,0,1
BRDA:25,16,0,1
BRDA:26,17,0,1
BRDA:27,18,0,1
BRDA:28,19,0,1
BRDA:28,20,0,1
BRDA:36,21,0,1
BRDA:37,22,0,1
BRDA:38,23,0,1
BRDA:38,24,0,1
BRDA:39,25,0,1
BRDA:39,26,0,1
BRDA:47,27,0,1
BRDA:54,28,0,0
BRDA:55,29,0,0
BRDA:57,30,0,0
BRDA:58,31,0,0
BRDA:59,32,0,0
BRDA:63,33,0,0
BRDA:64,34,0,0
BRDA:65,35,0,0
BRF:36
BRH:27
end_of_record
TN:
SF:prototype/web-v1/engine/turn-resolution.js
FN:1,mulberry32
FN:14,rngChoice
FN:15,rngInt
FN:16,rngWeighted
FN:22,clamp
FN:36,createTurnEngine
FN:83,markStage
FN:87,evaluateOutcome
FN:161,updateState
FN:204,resolveTurn
FN:473,resolveTurnWithTrace
FNF:11
FNH:9
FNDA:4,mulberry32
FNDA:60,rngChoice
FNDA:0,rngInt
FNDA:0,rngWeighted
FNDA:467,clamp
FNDA:27,createTurnEngine
FNDA:288,markStage
FNDA:33,evaluateOutcome
FNDA:35,updateState
FNDA:32,resolveTurn
FNDA:7,resolveTurnWithTrace
DA:1,15
DA:2,4
DA:3,3
DA:4,3
DA:5,1
DA:6,1
DA:7,1
DA:8,1
DA:9,1
DA:10,1
DA:11,1
DA:12,4
DA:13,15
DA:14,15
DA:15,15
DA:16,15
DA:17,0
DA:18,0
DA:19,0
DA:20,0
DA:21,0
DA:22,15
DA:23,15
DA:24,15
DA:25,15
DA:26,15
DA:27,15
DA:28,15
DA:29,15
DA:30,15
DA:31,15
DA:32,15
DA:33,15
DA:34,15
DA:35,15
DA:36,15
DA:37,27
DA:38,27
DA:39,27
DA:40,27
DA:41,27
DA:42,27
DA:43,27
DA:44,27
DA:45,27
DA:46,27
DA:47,27
DA:48,27
DA:49,27
DA:50,27
DA:51,0
DA:52,0
DA:53,27
DA:54,27
DA:55,27
DA:56,27
DA:57,27
DA:58,27
DA:59,27
DA:60,27
DA:61,27
DA:62,27
DA:63,27
DA:64,27
DA:65,27
DA:66,27
DA:67,27
DA:68,27
DA:69,27
DA:70,27
DA:71,27
DA:72,27
DA:73,27
DA:74,27
DA:75,27
DA:76,27
DA:77,27
DA:78,27
DA:79,27
DA:80,27
DA:81,27
DA:82,27
DA:83,27
DA:84,288
DA:85,288
DA:86,27
DA:87,27
DA:88,33
DA:89,33
DA:90,33
DA:91,33
DA:92,33
DA:93,33
DA:94,33
DA:95,33
DA:96,33
DA:97,33
DA:98,33
DA:99,33
DA:100,33
DA:101,33
DA:102,33
DA:103,33
DA:104,33
DA:105,33
DA:106,33
DA:107,33
DA:108,3
DA:109,3
DA:110,2
DA:111,33
DA:112,33
DA:113,33
DA:114,33
DA:115,33
DA:116,32
DA:117,12
DA:118,11
DA:119,33
DA:120,33
DA:121,33
DA:122,33
DA:123,33
DA:124,33
DA:125,33
DA:126,33
DA:127,33
DA:128,33
DA:129,33
DA:130,33
DA:131,33
DA:132,33
DA:133,33
DA:134,33
DA:135,33
DA:136,33
DA:137,33
DA:138,33
DA:139,33
DA:140,33
DA:141,33
DA:142,33
DA:143,33
DA:144,33
DA:145,33
DA:146,33
DA:147,33
DA:148,33
DA:149,33
DA:150,33
DA:151,33
DA:152,33
DA:153,33
DA:154,33
DA:155,33
DA:156,33
DA:157,33
DA:158,33
DA:159,33
DA:160,27
DA:161,27
DA:162,35
DA:163,35
DA:164,35
DA:165,35
DA:166,35
DA:167,35
DA:168,35
DA:169,35
DA:170,35
DA:171,35
DA:172,35
DA:173,35
DA:174,35
DA:175,35
DA:176,35
DA:177,35
DA:178,35
DA:179,35
DA:180,35
DA:181,35
DA:182,35
DA:183,35
DA:184,35
DA:185,35
DA:186,35
DA:187,35
DA:188,35
DA:189,35
DA:190,35
DA:191,35
DA:192,35
DA:193,35
DA:194,35
DA:195,35
DA:196,35
DA:197,35
DA:198,10
DA:199,10
DA:200,35
DA:201,35
DA:202,35
DA:203,27
DA:204,27
DA:205,32
DA:206,32
DA:207,32
DA:208,32
DA:209,32
DA:210,32
DA:211,32
DA:212,0
DA:213,0
DA:214,0
DA:215,0
DA:216,0
DA:217,0
DA:218,32
DA:219,32
DA:220,1
DA:221,1
DA:222,1
DA:223,32
DA:224,32
DA:225,32
DA:226,32
DA:227,32
DA:228,32
DA:229,32
DA:230,32
DA:231,32
DA:232,32
DA:233,32
DA:234,32
DA:235,30
DA:236,30
DA:237,30
DA:238,32
DA:239,32
DA:240,32
DA:241,0
DA:242,0
DA:243,0
DA:244,0
DA:245,0
DA:246,0
DA:247,0
DA:248,0
DA:249,0
DA:250,32
DA:251,32
DA:252,2
DA:253,32
DA:254,24
DA:255,24
DA:256,32
DA:257,32
DA:258,32
DA:259,32
DA:260,32
DA:261,32
DA:262,32
DA:263,32
DA:264,32
DA:265,32
DA:266,32
DA:267,32
DA:268,32
DA:269,32
DA:270,32
DA:271,32
DA:272,0
DA:273,0
DA:274,0
DA:275,32
DA:276,0
DA:277,0
DA:278,0
DA:279,0
DA:280,32
DA:281,32
DA:282,32
DA:283,32
DA:284,32
DA:285,32
DA:286,32
DA:287,32
DA:288,32
DA:289,32
DA:290,32
DA:291,32
DA:292,0
DA:293,0
DA:294,0
DA:295,0
DA:296,0
DA:297,0
DA:298,0
DA:299,0
DA:300,0
DA:301,0
DA:302,0
DA:303,0
DA:304,0
DA:305,0
DA:306,0
DA:307,0
DA:308,0
DA:309,0
DA:310,0
DA:311,32
DA:312,32
DA:313,32
DA:314,0
DA:315,0
DA:316,0
DA:317,0
DA:318,0
DA:319,0
DA:320,0
DA:321,0
DA:322,0
DA:323,0
DA:324,0
DA:325,0
DA:326,0
DA:327,0
DA:328,0
DA:329,0
DA:330,0
DA:331,0
DA:332,0
DA:333,0
DA:334,0
DA:335,0
DA:336,0
DA:337,0
DA:338,0
DA:339,0
DA:340,0
DA:341,0
DA:342,32
DA:343,0
DA:344,0
DA:345,32
DA:346,32
DA:347,0
DA:348,0
DA:349,0
DA:350,0
DA:351,0
DA:352,32
DA:353,32
DA:354,32
DA:355,32
DA:356,32
DA:357,32
DA:358,32
DA:359,32
DA:360,32
DA:361,32
DA:362,32
DA:363,32
DA:364,32
DA:365,32
DA:366,0
DA:367,0
DA:368,0
DA:369,32
DA:370,32
DA:371,0
DA:372,0
DA:373,0
DA:374,32
DA:375,32
DA:376,32
DA:377,32
DA:378,32
DA:379,32
DA:380,32
DA:381,32
DA:382,32
DA:383,32
DA:384,32
DA:385,32
DA:386,32
DA:387,32
DA:388,32
DA:389,32
DA:390,32
DA:391,0
DA:392,32
DA:393,1
DA:394,32
DA:395,2
DA:396,31
DA:397,0
DA:398,0
DA:399,32
DA:400,32
DA:401,32
DA:402,32
DA:403,32
DA:404,32
DA:405,32
DA:406,32
DA:407,32
DA:408,32
DA:409,32
DA:410,32
DA:411,32
DA:412,32
DA:413,32
DA:414,32
DA:415,32
DA:416,32
DA:417,32
DA:418,32
DA:419,32
DA:420,32
DA:421,32
DA:422,32
DA:423,32
DA:424,32
DA:425,32
DA:426,32
DA:427,32
DA:428,32
DA:429,32
DA:430,32
DA:431,32
DA:432,32
DA:433,32
DA:434,32
DA:435,32
DA:436,32
DA:437,32
DA:438,32
DA:439,32
DA:440,32
DA:441,32
DA:442,32
DA:443,32
DA:444,32
DA:445,32
DA:446,32
DA:447,32
DA:448,32
DA:449,32
DA:450,32
DA:451,32
DA:452,32
DA:453,32
DA:454,32
DA:455,32
DA:456,32
DA:457,32
DA:458,32
DA:459,32
DA:460,32
DA:461,32
DA:462,32
DA:463,32
DA:464,32
DA:465,32
DA:466,32
DA:467,32
DA:468,32
DA:469,32
DA:470,32
DA:471,32
DA:472,27
DA:473,27
DA:474,7
DA:475,7
DA:476,7
DA:477,7
DA:478,27
DA:479,27
DA:480,27
LF:480
LH:388
BRDA:1,0,0,15
BRDA:1,1,0,4
BRDA:2,2,0,2
BRDA:2,3,0,3
BRDA:5,4,0,1
BRDA:6,5,0,1
BRDA:14,6,0,60
BRDA:22,7,0,467
BRDA:36,8,0,27
BRDA:50,9,0,0
BRDA:49,10,0,567
BRDA:83,11,0,288
BRDA:84,12,0,63
BRDA:87,13,0,33
BRDA:89,14,0,3
BRDA:90,15,0,30
BRDA:105,16,0,10
BRDA:107,17,0,3
BRDA:108,18,0,2
BRDA:109,19,0,2
BRDA:115,20,0,1
BRDA:116,21,0,32
BRDA:116,22,0,20
BRDA:117,23,0,12
BRDA:117,24,0,1
BRDA:118,25,0,11
BRDA:124,26,0,23
BRDA:125,27,0,10
BRDA:125,28,0,4
BRDA:126,29,0,10
BRDA:126,30,0,0
BRDA:127,31,0,1
BRDA:128,32,0,5
BRDA:132,33,0,10
BRDA:133,34,0,5
BRDA:133,35,0,5
BRDA:137,36,0,2
BRDA:137,37,0,1
BRDA:138,38,0,2
BRDA:138,39,0,0
BRDA:141,40,0,9
BRDA:141,41,0,24
BRDA:142,42,0,19
BRDA:142,43,0,14
BRDA:142,44,0,0
BRDA:143,45,0,5
BRDA:143,46,0,28
BRDA:161,47,0,35
BRDA:163,48,0,0
BRDA:168,49,0,20
BRDA:168,50,0,15
BRDA:176,51,0,20
BRDA:176,52,0,15
BRDA:197,53,0,11
BRDA:197,54,0,10
BRDA:204,55,0,32
BRDA:205,56,0,7
BRDA:205,57,0,25
BRDA:209,58,0,3
BRDA:209,59,0,2
BRDA:211,60,0,0
BRDA:219,61,0,3
BRDA:219,62,0,2
BRDA:219,63,0,1
BRDA:234,64,0,30
BRDA:240,65,0,0
BRDA:251,66,0,2
BRDA:253,67,0,30
BRDA:253,68,0,24
BRDA:265,69,0,0
BRDA:271,70,0,21
BRDA:271,71,0,0
BRDA:275,72,0,6
BRDA:275,73,0,0
BRDA:291,74,0,0
BRDA:291,75,0,0
BRDA:291,76,0,0
BRDA:313,77,0,0
BRDA:342,78,0,0
BRDA:346,79,0,0
BRDA:357,80,0,0
BRDA:365,81,0,0
BRDA:370,82,0,0
BRDA:381,83,0,10
BRDA:387,84,0,31
BRDA:390,85,0,0
BRDA:390,86,0,0
BRDA:392,87,0,1
BRDA:394,88,0,31
BRDA:394,89,0,2
BRDA:395,90,0,1
BRDA:395,91,0,1
BRDA:396,92,0,29
BRDA:396,93,0,0
BRDA:400,94,0,29
BRDA:400,95,0,29
BRDA:410,96,0,0
BRDA:418,97,0,0
BRDA:419,98,0,2
BRDA:420,99,0,1
BRDA:421,100,0,0
BRDA:422,101,0,0
BRDA:438,102,0,0
BRDA:439,103,0,23
BRDA:445,104,0,0
BRDA:446,105,0,0
BRDA:447,106,0,0
BRDA:448,107,0,0
BRDA:470,108,0,7
BRDA:470,109,0,25
BRDA:473,110,0,7
BRF:111
BRH:80
end_of_record
TN:
SF:prototype/web-v1/engine/turn-rules.js
FN:3,calculateResourceBurnForMinutes
FN:14,applyDecisionWindowDegradationRule
FN:68,deriveTerminalOutcome
FNF:3
FNH:3
FNDA:2,calculateResourceBurnForMinutes
FNDA:1,applyDecisionWindowDegradationRule
FNDA:16,deriveTerminalOutcome
DA:1,3
DA:2,3
DA:3,3
DA:4,2
DA:5,2
DA:6,2
DA:7,2
DA:8,2
DA:9,2
DA:10,2
DA:11,2
DA:12,2
DA:13,3
DA:14,3
DA:15,1
DA:16,1
DA:17,1
DA:18,1
DA:19,1
DA:20,1
DA:21,1
DA:22,1
DA:23,1
DA:24,1
DA:25,1
DA:26,1
DA:27,1
DA:28,1
DA:29,1
DA:30,1
DA:31,1
DA:32,1
DA:33,0
DA:34,0
DA:35,1
DA:36,1
DA:37,1
DA:38,1
DA:39,1
DA:40,1
DA:41,1
DA:42,1
DA:43,1
DA:44,1
DA:45,1
DA:46,1
DA:47,1
DA:48,1
DA:49,1
DA:50,1
DA:51,1
DA:52,1
DA:53,1
DA:54,1
DA:55,1
DA:56,1
DA:57,1
DA:58,1
DA:59,1
DA:60,1
DA:61,1
DA:62,1
DA:63,1
DA:64,1
DA:65,1
DA:66,1
DA:67,3
DA:68,3
DA:69,16
DA:70,16
DA:71,16
DA:72,16
DA:73,16
DA:74,8
DA:75,8
DA:76,2
DA:77,2
DA:78,8
DA:79,15
DA:80,6
DA:81,16
DA:82,16
DA:83,2
DA:84,2
DA:85,4
DA:86,4
DA:87,16
LF:87
LH:85
BRDA:1,0,0,3
BRDA:3,1,0,2
BRDA:5,2,0,0
BRDA:6,3,0,0
BRDA:7,4,0,0
BRDA:14,5,0,1
BRDA:15,6,0,0
BRDA:16,7,0,0
BRDA:17,8,0,0
BRDA:32,9,0,0
BRDA:47,10,0,0
BRDA:48,11,0,0
BRDA:63,12,0,0
BRDA:63,13,0,0
BRDA:68,14,0,16
BRDA:70,15,0,11
BRDA:71,16,0,11
BRDA:71,17,0,3
BRDA:73,18,0,8
BRDA:74,19,0,4
BRDA:75,20,0,2
BRDA:78,21,0,15
BRDA:78,22,0,8
BRDA:79,23,0,11
BRDA:79,24,0,2
BRDA:80,25,0,6
BRDA:82,26,0,4
BRDA:82,27,0,4
BRDA:82,28,0,4
BRDA:82,29,0,15
BRDA:82,30,0,2
BRDA:85,31,0,4
BRF:32
BRH:21
end_of_record
TN:
SF:prototype/web-v1/state/game-state.js
FN:79,cloneValue
FN:83,shouldReportStateWarnings
FN:98,createSlices
FN:106,ensureAllowedKeys
FN:119,applySliceUpdate
FN:130,registerLegacyFacade
FN:136,get
FN:139,set
FN:146,createInitialGameState
FN:152,updateRunState
FN:156,updateUIState
FN:160,recordTelemetry
FN:164,assertStateShape
FNF:13
FNH:11
FNDA:9,cloneValue
FNDA:0,shouldReportStateWarnings
FNDA:3,createSlices
FNDA:18,ensureAllowedKeys
FNDA:18,applySliceUpdate
FNDA:3,registerLegacyFacade
FNDA:35,get
FNDA:6,set
FNDA:3,createInitialGameState
FNDA:2,updateRunState
FNDA:15,updateUIState
FNDA:1,recordTelemetry
FNDA:0,assertStateShape
DA:1,2
DA:2,2
DA:3,2
DA:4,2
DA:5,2
DA:6,2
DA:7,2
DA:8,2
DA:9,2
DA:10,2
DA:11,2
DA:12,2
DA:13,2
DA:14,2
DA:15,2
DA:16,2
DA:17,2
DA:18,2
DA:19,2
DA:20,2
DA:21,2
DA:22,2
DA:23,2
DA:24,2
DA:25,2
DA:26,2
DA:27,2
DA:28,2
DA:29,2
DA:30,2
DA:31,2
DA:32,2
DA:33,2
DA:34,2
DA:35,2
DA:36,2
DA:37,2
DA:38,2
DA:39,2
DA:40,2
DA:41,2
DA:42,2
DA:43,2
DA:44,2
DA:45,2
DA:46,2
DA:47,2
DA:48,2
DA:49,2
DA:50,2
DA:51,2
DA:52,2
DA:53,2
DA:54,2
DA:55,2
DA:56,2
DA:57,2
DA:58,2
DA:59,2
DA:60,2
DA:61,2
DA:62,2
DA:63,2
DA:64,2
DA:65,2
DA:66,2
DA:67,2
DA:68,2
DA:69,2
DA:70,2
DA:71,2
DA:72,6
DA:73,108
DA:74,6
DA:75,6
DA:76,2
DA:77,2
DA:78,2
DA:79,9
DA:80,9
DA:81,9
DA:82,2
DA:83,0
DA:84,0
DA:85,0
DA:86,0
DA:87,0
DA:88,0
DA:89,0
DA:90,0
DA:91,0
DA:92,0
DA:93,0
DA:94,0
DA:95,0
DA:96,0
DA:97,2
DA:98,3
DA:99,3
DA:100,3
DA:101,3
DA:102,3
DA:103,3
DA:104,3
DA:105,2
DA:106,18
DA:107,18
DA:108,18
DA:109,0
DA:110,0
DA:111,18
DA:112,18
DA:113,2
DA:114,2
DA:115,2
DA:116,2
DA:117,2
DA:118,2
DA:119,18
DA:120,18
DA:121,18
DA:122,18
DA:123,18
DA:124,18
DA:125,18
DA:126,0
DA:127,0
DA:128,18
DA:129,2
DA:130,3
DA:131,3
DA:132,162
DA:133,162
DA:134,162
DA:135,162
DA:136,162
DA:137,35
DA:138,162
DA:139,162
DA:140,6
DA:141,162
DA:142,162
DA:143,3
DA:144,3
DA:145,2
DA:146,2
DA:147,3
DA:148,3
DA:149,3
DA:150,3
DA:151,2
DA:152,2
DA:153,2
DA:154,2
DA:155,2
DA:156,2
DA:157,15
DA:158,15
DA:159,2
DA:160,2
DA:161,1
DA:162,1
DA:163,2
DA:164,2
DA:165,0
DA:166,0
DA:167,0
DA:168,0
DA:169,0
DA:170,0
DA:171,0
DA:172,0
DA:173,0
DA:174,0
DA:175,0
DA:176,0
DA:177,0
DA:178,0
DA:179,0
DA:180,0
DA:181,0
DA:182,0
DA:183,0
DA:184,0
DA:185,0
DA:186,0
DA:187,0
DA:188,0
DA:189,0
DA:190,0
DA:191,0
DA:192,2
DA:193,2
LF:193
LH:148
BRDA:1,0,0,2
BRDA:71,1,0,6
BRDA:72,2,0,108
BRDA:79,3,0,9
BRDA:98,4,0,3
BRDA:106,5,0,18
BRDA:107,6,0,18
BRDA:108,7,0,0
BRDA:119,8,0,18
BRDA:125,9,0,2
BRDA:125,10,0,2
BRDA:125,11,0,0
BRDA:121,12,0,18
BRDA:122,13,0,0
BRDA:122,14,0,0
BRDA:130,15,0,3
BRDA:131,16,0,162
BRDA:132,17,0,0
BRDA:136,18,0,35
BRDA:139,19,0,6
BRDA:146,20,0,3
BRDA:152,21,0,2
BRDA:156,22,0,15
BRDA:160,23,0,1
BRF:24
BRH:19
end_of_record
TN:
SF:prototype/web-v1/tests/harness/turn-harness.js
FN:3,createDeterministicTurnHarness
FN:7,run
FNF:2
FNH:2
FNDA:3,createDeterministicTurnHarness
FNDA:7,run
DA:1,2
DA:2,2
DA:3,2
DA:4,3
DA:5,3
DA:6,3
DA:7,3
DA:8,7
DA:9,7
DA:10,7
DA:11,7
DA:12,7
DA:13,7
DA:14,7
DA:15,3
DA:16,3
DA:17,3
LF:17
LH:17
BRDA:1,0,0,2
BRDA:3,1,0,3
BRDA:7,2,0,7
BRF:3
BRH:3
end_of_record
TN:
SF:prototype/web-v1/ui/event-registry.js
FN:12,parseActionArgs
FN:18,dispatchAction
FN:30,bindUiEventRegistry
FNF:3
FNH:3
FNDA:1,parseActionArgs
FNDA:1,dispatchAction
FNDA:1,bindUiEventRegistry
DA:1,1
DA:2,1
DA:3,1
DA:4,1
DA:5,1
DA:6,1
DA:7,1
DA:8,1
DA:9,1
DA:10,1
DA:11,1
DA:12,1
DA:13,1
DA:14,1
DA:15,1
DA:16,1
DA:17,1
DA:18,1
DA:19,1
DA:20,1
DA:21,1
DA:22,1
DA:23,1
DA:24,1
DA:25,1
DA:26,1
DA:27,1
DA:28,1
DA:29,1
DA:30,1
DA:31,1
DA:32,0
DA:33,0
DA:34,1
DA:35,1
DA:36,1
DA:37,1
DA:38,1
DA:39,1
DA:40,1
DA:41,1
DA:42,1
DA:43,0
DA:44,0
DA:45,0
DA:46,0
DA:47,0
DA:48,0
DA:49,0
DA:50,0
DA:51,0
DA:52,0
DA:53,0
DA:54,1
DA:55,1
LF:55
LH:42
BRDA:1,0,0,1
BRDA:12,1,0,1
BRDA:14,2,0,0
BRDA:15,3,0,2
BRDA:18,4,0,1
BRDA:20,5,0,0
BRDA:24,6,0,0
BRDA:30,7,0,1
BRDA:31,8,0,0
BRDA:35,9,0,1
BRF:10
BRH:6
end_of_record
TN:
SF:prototype/web-v1/ui/flow-controller.js
FN:68,initFlowController
FN:81,dismissTransientUi
FN:91,_attachBackdropCloseBindings
FN:97,_attachEscapeListener
FN:118,_attachOverlayBackdrops
FN:132,_attachBottomSheetBackdrop
FN:152,showScreen
FN:173,activateTarget
FN:196,backBtn.onclick
FN:228,advanceFromTitle
FN:248,openIntroModal
FN:252,closeIntroModal
FN:256,openTutorialModal
FN:260,closeTutorialModal
FN:264,closeOnboardingModal
FN:268,abandonOnboarding
FN:277,openGameHelp
FN:285,closeGameHelp
FN:291,openWatchDetail
FN:298,closeWatchDetail
FN:304,openFieldLog
FN:311,closeFieldLog
FN:320,closeAllBottomSheets
FN:326,isBottomSheetOpen
FN:330,openBottomSheet
FN:341,closeBottomSheet
FN:356,handleDeepLink
FNF:27
FNH:18
FNDA:21,initFlowController
FNDA:13,dismissTransientUi
FNDA:21,_attachBackdropCloseBindings
FNDA:21,_attachEscapeListener
FNDA:21,_attachOverlayBackdrops
FNDA:21,_attachBottomSheetBackdrop
FNDA:13,showScreen
FNDA:13,activateTarget
FNDA:0,backBtn.onclick
FNDA:2,advanceFromTitle
FNDA:0,openIntroModal
FNDA:14,closeIntroModal
FNDA:0,openTutorialModal
FNDA:13,closeTutorialModal
FNDA:13,closeOnboardingModal
FNDA:0,abandonOnboarding
FNDA:0,openGameHelp
FNDA:13,closeGameHelp
FNDA:0,openWatchDetail
FNDA:13,closeWatchDetail
FNDA:0,openFieldLog
FNDA:13,closeFieldLog
FNDA:14,closeAllBottomSheets
FNDA:1,isBottomSheetOpen
FNDA:0,openBottomSheet
FNDA:0,closeBottomSheet
FNDA:9,handleDeepLink
DA:1,1
DA:2,1
DA:3,1
DA:4,1
DA:5,1
DA:6,1
DA:7,1
DA:8,1
DA:9,1
DA:10,1
DA:11,1
DA:12,1
DA:13,1
DA:14,1
DA:15,1
DA:16,1
DA:17,1
DA:18,1
DA:19,1
DA:20,1
DA:21,1
DA:22,1
DA:23,1
DA:24,1
DA:25,1
DA:26,1
DA:27,1
DA:28,1
DA:29,1
DA:30,1
DA:31,1
DA:32,1
DA:33,1
DA:34,1
DA:35,1
DA:36,1
DA:37,1
DA:38,1
DA:39,1
DA:40,1
DA:41,1
DA:42,1
DA:43,1
DA:44,1
DA:45,1
DA:46,1
DA:47,1
DA:48,1
DA:49,1
DA:50,1
DA:51,1
DA:52,1
DA:53,1
DA:54,1
DA:55,1
DA:56,1
DA:57,1
DA:58,1
DA:59,1
DA:60,1
DA:61,1
DA:62,1
DA:63,1
DA:64,1
DA:65,1
DA:66,1
DA:67,1
DA:68,1
DA:69,21
DA:70,21
DA:71,21
DA:72,21
DA:73,21
DA:74,21
DA:75,1
DA:76,1
DA:77,1
DA:78,1
DA:79,1
DA:80,1
DA:81,13
DA:82,13
DA:83,13
DA:84,13
DA:85,13
DA:86,13
DA:87,13
DA:88,13
DA:89,13
DA:90,1
DA:91,21
DA:92,21
DA:93,21
DA:94,21
DA:95,21
DA:96,1
DA:97,21
DA:98,21
DA:99,0
DA:100,0
DA:101,0
DA:102,0
DA:103,0
DA:104,0
DA:105,0
DA:106,0
DA:107,0
DA:108,0
DA:109,0
DA:110,0
DA:111,0
DA:112,0
DA:113,0
DA:114,0
DA:115,21
DA:116,21
DA:117,1
DA:118,21
DA:119,21
DA:120,21
DA:121,21
DA:122,21
DA:123,21
DA:124,63
DA:125,63
DA:126,0
DA:127,0
DA:128,0
DA:129,21
DA:130,21
DA:131,1
DA:132,21
DA:133,21
DA:134,0
DA:135,0
DA:136,21
DA:137,21
DA:138,1
DA:139,1
DA:140,1
DA:141,1
DA:142,1
DA:143,1
DA:144,1
DA:145,1
DA:146,1
DA:147,1
DA:148,1
DA:149,1
DA:150,1
DA:151,1
DA:152,1
DA:153,13
DA:154,13
DA:155,13
DA:156,13
DA:157,13
DA:158,13
DA:159,13
DA:160,13
DA:161,13
DA:162,13
DA:163,13
DA:164,13
DA:165,13
DA:166,0
DA:167,0
DA:168,13
DA:169,13
DA:170,13
DA:171,13
DA:172,13
DA:173,13
DA:174,13
DA:175,29
DA:176,13
DA:177,13
DA:178,13
DA:179,13
DA:180,13
DA:181,13
DA:182,13
DA:183,13
DA:184,13
DA:185,13
DA:186,13
DA:187,0
DA:188,0
DA:189,0
DA:190,0
DA:191,0
DA:192,0
DA:193,0
DA:194,0
DA:195,0
DA:196,0
DA:197,0
DA:198,0
DA:199,13
DA:200,13
DA:201,13
DA:202,13
DA:203,13
DA:204,13
DA:205,7
DA:206,7
DA:207,13
DA:208,13
DA:209,13
DA:210,13
DA:211,13
DA:212,0
DA:213,0
DA:214,0
DA:215,0
DA:216,13
DA:217,1
DA:218,1
DA:219,1
DA:220,1
DA:221,1
DA:222,1
DA:223,1
DA:224,1
DA:225,1
DA:226,1
DA:227,1
DA:228,1
DA:229,2
DA:230,0
DA:231,0
DA:232,0
DA:233,2
DA:234,1
DA:235,1
DA:236,1
DA:237,1
DA:238,1
DA:239,1
DA:240,1
DA:241,1
DA:242,2
DA:243,1
DA:244,1
DA:245,1
DA:246,1
DA:247,1
DA:248,1
DA:249,0
DA:250,0
DA:251,1
DA:252,1
DA:253,14
DA:254,14
DA:255,1
DA:256,1
DA:257,0
DA:258,0
DA:259,1
DA:260,1
DA:261,13
DA:262,13
DA:263,1
DA:264,1
DA:265,13
DA:266,13
DA:267,1
DA:268,1
DA:269,0
DA:270,0
DA:271,0
DA:272,1
DA:273,1
DA:274,1
DA:275,1
DA:276,1
DA:277,1
DA:278,0
DA:279,0
DA:280,0
DA:281,0
DA:282,0
DA:283,0
DA:284,1
DA:285,1
DA:286,13
DA:287,13
DA:288,13
DA:289,1
DA:290,1
DA:291,1
DA:292,0
DA:293,0
DA:294,0
DA:295,0
DA:296,0
DA:297,1
DA:298,1
DA:299,13
DA:300,13
DA:301,13
DA:302,1
DA:303,1
DA:304,1
DA:305,0
DA:306,0
DA:307,0
DA:308,0
DA:309,0
DA:310,1
DA:311,1
DA:312,13
DA:313,13
DA:314,13
DA:315,1
DA:316,1
DA:317,1
DA:318,1
DA:319,1
DA:320,1
DA:321,14
DA:322,14
DA:323,14
DA:324,14
DA:325,1
DA:326,1
DA:327,1
DA:328,1
DA:329,1
DA:330,1
DA:331,0
DA:332,0
DA:333,0
DA:334,0
DA:335,0
DA:336,0
DA:337,0
DA:338,0
DA:339,0
DA:340,1
DA:341,1
DA:342,0
DA:343,0
DA:344,0
DA:345,0
DA:346,1
DA:347,1
DA:348,1
DA:349,1
DA:350,1
DA:351,1
DA:352,1
DA:353,1
DA:354,1
DA:355,1
DA:356,1
DA:357,9
DA:358,9
DA:359,8
DA:360,8
DA:361,8
DA:362,8
DA:363,8
DA:364,9
DA:365,1
DA:366,1
DA:367,1
DA:368,1
DA:369,1
DA:370,7
DA:371,9
DA:372,2
DA:373,2
DA:374,2
DA:375,1
DA:376,1
DA:377,2
DA:378,2
DA:379,2
DA:380,2
DA:381,2
DA:382,2
DA:383,2
DA:384,2
DA:385,5
DA:386,9
DA:387,2
DA:388,2
DA:389,2
DA:390,1
DA:391,1
DA:392,2
DA:393,2
DA:394,2
DA:395,2
DA:396,2
DA:397,2
DA:398,2
DA:399,3
DA:400,9
DA:401,1
DA:402,1
DA:403,1
DA:404,2
DA:405,2
DA:406,2
DA:407,9
LF:407
LH:329
BRDA:1,0,0,1
BRDA:68,1,0,21
BRDA:81,2,0,13
BRDA:91,3,0,21
BRDA:97,4,0,21
BRDA:118,5,0,21
BRDA:123,6,0,63
BRDA:126,7,0,0
BRDA:132,8,0,21
BRDA:152,9,0,13
BRDA:160,10,0,0
BRDA:165,11,0,0
BRDA:209,12,0,0
BRDA:211,13,0,0
BRDA:173,14,0,13
BRDA:178,15,0,0
BRDA:186,16,0,0
BRDA:202,17,0,8
BRDA:204,18,0,7
BRDA:174,19,0,29
BRDA:228,20,0,2
BRDA:229,21,0,0
BRDA:233,22,0,1
BRDA:252,23,0,14
BRDA:260,24,0,13
BRDA:264,25,0,13
BRDA:285,26,0,13
BRDA:298,27,0,13
BRDA:311,28,0,13
BRDA:320,29,0,14
BRDA:322,30,0,1
BRDA:321,31,0,2
BRDA:326,32,0,1
BRDA:356,33,0,9
BRDA:358,34,0,1
BRDA:359,35,0,8
BRDA:364,36,0,2
BRDA:364,37,0,1
BRDA:370,38,0,7
BRDA:371,39,0,2
BRDA:374,40,0,1
BRDA:374,41,0,1
BRDA:377,42,0,0
BRDA:385,43,0,5
BRDA:386,44,0,2
BRDA:389,45,0,1
BRDA:389,46,0,1
BRDA:392,47,0,0
BRDA:399,48,0,3
BRDA:400,49,0,1
BRDA:404,50,0,2
BRF:51
BRH:41
end_of_record
TN:
SF:prototype/web-v1/ui/game-loop.js
FN:46,createGameLoop
FN:72,handleDecision
FNF:2
FNH:2
FNDA:8,createGameLoop
FNDA:8,handleDecision
DA:1,1
DA:2,1
DA:3,1
DA:4,1
DA:5,1
DA:6,1
DA:7,1
DA:8,1
DA:9,1
DA:10,1
DA:11,1
DA:12,1
DA:13,1
DA:14,1
DA:15,1
DA:16,1
DA:17,1
DA:18,1
DA:19,1
DA:20,1
DA:21,1
DA:22,1
DA:23,1
DA:24,1
DA:25,1
DA:26,1
DA:27,1
DA:28,1
DA:29,1
DA:30,1
DA:31,1
DA:32,1
DA:33,1
DA:34,1
DA:35,1
DA:36,1
DA:37,1
DA:38,1
DA:39,1
DA:40,1
DA:41,1
DA:42,1
DA:43,1
DA:44,1
DA:45,1
DA:46,1
DA:47,8
DA:48,8
DA:49,8
DA:50,8
DA:51,8
DA:52,8
DA:53,8
DA:54,8
DA:55,8
DA:56,8
DA:57,8
DA:58,8
DA:59,8
DA:60,8
DA:61,8
DA:62,8
DA:63,8
DA:64,8
DA:65,8
DA:66,8
DA:67,8
DA:68,8
DA:69,8
DA:70,8
DA:71,8
DA:72,8
DA:73,8
DA:74,8
DA:75,8
DA:76,8
DA:77,8
DA:78,8
DA:79,1
DA:80,1
DA:81,1
DA:82,1
DA:83,7
DA:84,7
DA:85,7
DA:86,7
DA:87,8
DA:88,8
DA:89,8
DA:90,8
DA:91,8
DA:92,8
DA:93,8
DA:94,8
DA:95,8
DA:96,8
DA:97,8
DA:98,8
DA:99,8
DA:100,8
DA:101,8
DA:102,8
DA:103,8
DA:104,8
DA:105,8
DA:106,8
DA:107,8
DA:108,8
DA:109,8
DA:110,8
DA:111,8
DA:112,8
DA:113,8
DA:114,8
DA:115,8
DA:116,8
DA:117,8
DA:118,8
DA:119,8
DA:120,8
DA:121,8
DA:122,3
DA:123,3
DA:124,3
DA:125,3
DA:126,3
DA:127,4
DA:128,4
DA:129,4
DA:130,4
DA:131,4
DA:132,4
DA:133,8
DA:134,8
DA:135,8
DA:136,8
DA:137,8
DA:138,4
DA:139,4
DA:140,4
DA:141,4
DA:142,4
DA:143,4
DA:144,4
DA:145,4
DA:146,8
DA:147,8
DA:148,8
DA:149,8
DA:150,8
LF:150
LH:150
BRDA:1,0,0,1
BRDA:46,1,0,8
BRDA:72,2,0,8
BRDA:75,3,0,0
BRDA:78,4,0,2
BRDA:78,5,0,1
BRDA:79,6,0,0
BRDA:83,7,0,7
BRDA:87,8,0,0
BRDA:117,9,0,2
BRDA:118,10,0,2
BRDA:119,11,0,5
BRDA:121,12,0,3
BRDA:123,13,0,0
BRDA:127,14,0,4
BRDA:133,15,0,0
BRDA:133,16,0,4
BRDA:134,17,0,0
BRDA:124,18,0,3
BRDA:137,19,0,4
BRDA:145,20,0,0
BRF:21
BRH:14
end_of_record
TN:
SF:prototype/web-v1/ui/helpers/accessibility.js
FN:14,getFocusableElements
FN:19,attachFocusTrap
FN:21,onKeydown
FN:43,detachFocusTrap
FN:50,getModalCount
FN:55,setModalCount
FN:65,openModalWithFocus
FN:75,closeModalWithFocusReturn
FNF:8
FNH:6
FNDA:0,getFocusableElements
FNDA:2,attachFocusTrap
FNDA:0,onKeydown
FNDA:2,detachFocusTrap
FNDA:4,getModalCount
FNDA:4,setModalCount
FNDA:2,openModalWithFocus
FNDA:41,closeModalWithFocusReturn
DA:1,3
DA:2,3
DA:3,3
DA:4,3
DA:5,3
DA:6,3
DA:7,3
DA:8,3
DA:9,3
DA:10,3
DA:11,3
DA:12,3
DA:13,3
DA:14,0
DA:15,0
DA:16,0
DA:17,0
DA:18,3
DA:19,2
DA:20,2
DA:21,2
DA:22,0
DA:23,0
DA:24,0
DA:25,0
DA:26,0
DA:27,0
DA:28,0
DA:29,0
DA:30,0
DA:31,0
DA:32,0
DA:33,0
DA:34,0
DA:35,0
DA:36,0
DA:37,0
DA:38,2
DA:39,2
DA:40,2
DA:41,2
DA:42,3
DA:43,2
DA:44,2
DA:45,2
DA:46,2
DA:47,2
DA:48,2
DA:49,3
DA:50,4
DA:51,4
DA:52,4
DA:53,4
DA:54,3
DA:55,4
DA:56,4
DA:57,2
DA:58,2
DA:59,1
DA:60,1
DA:61,1
DA:62,1
DA:63,4
DA:64,3
DA:65,3
DA:66,2
DA:67,2
DA:68,2
DA:69,2
DA:70,2
DA:71,2
DA:72,2
DA:73,2
DA:74,3
DA:75,3
DA:76,41
DA:77,41
DA:78,41
DA:79,41
DA:80,1
DA:81,41
DA:82,41
DA:83,2
DA:84,2
DA:85,2
DA:86,2
DA:87,41
DA:88,41
DA:89,41
LF:89
LH:69
BRDA:1,0,0,3
BRDA:19,1,0,2
BRDA:20,2,0,0
BRDA:43,3,0,2
BRDA:45,4,0,1
BRDA:50,5,0,4
BRDA:51,6,0,2
BRDA:51,7,0,3
BRDA:52,8,0,1
BRDA:52,9,0,3
BRDA:55,10,0,4
BRDA:56,11,0,2
BRDA:56,12,0,2
BRDA:58,13,0,1
BRDA:65,14,0,2
BRDA:66,15,0,0
BRDA:67,16,0,0
BRDA:75,17,0,41
BRDA:76,18,0,39
BRDA:77,19,0,2
BRDA:78,20,0,1
BRDA:79,21,0,1
BRDA:80,22,0,0
BRDA:82,23,0,2
BRDA:82,24,0,0
BRDA:87,25,0,0
BRDA:88,26,0,2
BRF:27
BRH:21
end_of_record
TN:
SF:prototype/web-v1/ui/helpers/carousel-media.js
FN:9,escapeHtml
FN:18,preloadImage
FN:27,preloadImages
FN:31,buildManagedPortrait
FN:67,markState
FN:73,hydrateManagedPortraits
FN:80,markLoaded
FN:86,handleError
FNF:8
FNH:5
FNDA:10,escapeHtml
FNDA:0,preloadImage
FNDA:0,preloadImages
FNDA:3,buildManagedPortrait
FNDA:2,markState
FNDA:1,hydrateManagedPortraits
FNDA:0,markLoaded
FNDA:2,handleError
DA:1,2
DA:2,2
DA:3,2
DA:4,2
DA:5,2
DA:6,2
DA:7,2
DA:8,2
DA:9,10
DA:10,10
DA:11,10
DA:12,10
DA:13,10
DA:14,10
DA:15,10
DA:16,10
DA:17,2
DA:18,2
DA:19,0
DA:20,0
DA:21,0
DA:22,0
DA:23,0
DA:24,0
DA:25,0
DA:26,2
DA:27,2
DA:28,0
DA:29,0
DA:30,2
DA:31,2
DA:32,3
DA:33,3
DA:34,3
DA:35,3
DA:36,3
DA:37,3
DA:38,3
DA:39,3
DA:40,3
DA:41,3
DA:42,3
DA:43,3
DA:44,3
DA:45,3
DA:46,3
DA:47,3
DA:48,3
DA:49,3
DA:50,3
DA:51,3
DA:52,3
DA:53,3
DA:54,3
DA:55,3
DA:56,3
DA:57,3
DA:58,3
DA:59,3
DA:60,3
DA:61,3
DA:62,3
DA:63,3
DA:64,3
DA:65,3
DA:66,2
DA:67,2
DA:68,2
DA:69,2
DA:70,2
DA:71,2
DA:72,2
DA:73,2
DA:74,1
DA:75,1
DA:76,1
DA:77,1
DA:78,1
DA:79,1
DA:80,1
DA:81,0
DA:82,0
DA:83,0
DA:84,1
DA:85,1
DA:86,1
DA:87,2
DA:88,2
DA:89,2
DA:90,1
DA:91,1
DA:92,1
DA:93,1
DA:94,1
DA:95,1
DA:96,1
DA:97,1
DA:98,1
DA:99,1
DA:100,1
DA:101,1
DA:102,0
DA:103,0
DA:104,1
DA:105,1
LF:105
LH:91
BRDA:1,0,0,2
BRDA:9,1,0,10
BRDA:10,2,0,0
BRDA:31,3,0,3
BRDA:42,4,0,0
BRDA:44,5,0,0
BRDA:46,6,0,1
BRDA:46,7,0,2
BRDA:51,8,0,0
BRDA:57,9,0,2
BRDA:57,10,0,1
BRDA:59,11,0,2
BRDA:59,12,0,1
BRDA:67,13,0,2
BRDA:68,14,0,0
BRDA:70,15,0,0
BRDA:73,16,0,1
BRDA:74,17,0,0
BRDA:76,18,0,1
BRDA:78,19,0,0
BRDA:101,20,0,0
BRDA:101,21,0,0
BRDA:86,22,0,2
BRDA:89,23,0,1
BRDA:89,24,0,1
BRF:25
BRH:15
end_of_record
TN:
SF:prototype/web-v1/ui/helpers/carousel.js
FN:34,getCharacterImagePath
FN:52,renderCarouselDots
FN:76,buildCharacterCardHtml
FN:111,buildRandomCharacterCardHtml
FN:128,buildScenarioCardHtml
FN:140,buildRandomScenarioCardHtml
FN:151,buildRouteCardHtml
FN:178,toggleInfoPanel
FN:200,hideInfoPanel
FN:218,stepCarouselIndex
FNF:10
FNH:3
FNDA:4,getCharacterImagePath
FNDA:0,renderCarouselDots
FNDA:2,buildCharacterCardHtml
FNDA:0,buildRandomCharacterCardHtml
FNDA:0,buildScenarioCardHtml
FNDA:0,buildRandomScenarioCardHtml
FNDA:0,buildRouteCardHtml
FNDA:0,toggleInfoPanel
FNDA:0,hideInfoPanel
FNDA:4,stepCarouselIndex
DA:1,1
DA:2,1
DA:3,1
DA:4,1
DA:5,1
DA:6,1
DA:7,1
DA:8,1
DA:9,1
DA:10,1
DA:11,1
DA:12,1
DA:13,1
DA:14,1
DA:15,1
DA:16,1
DA:17,1
DA:18,1
DA:19,1
DA:20,1
DA:21,1
DA:22,1
DA:23,1
DA:24,1
DA:25,1
DA:26,1
DA:27,1
DA:28,1
DA:29,1
DA:30,1
DA:31,1
DA:32,1
DA:33,1
DA:34,1
DA:35,4
DA:36,4
DA:37,3
DA:38,4
DA:39,4
DA:40,4
DA:41,1
DA:42,1
DA:43,1
DA:44,1
DA:45,1
DA:46,1
DA:47,1
DA:48,1
DA:49,1
DA:50,1
DA:51,1
DA:52,1
DA:53,0
DA:54,0
DA:55,0
DA:56,0
DA:57,0
DA:58,1
DA:59,1
DA:60,1
DA:61,1
DA:62,1
DA:63,1
DA:64,1
DA:65,1
DA:66,1
DA:67,1
DA:68,1
DA:69,1
DA:70,1
DA:71,1
DA:72,1
DA:73,1
DA:74,1
DA:75,1
DA:76,1
DA:77,2
DA:78,2
DA:79,2
DA:80,2
DA:81,2
DA:82,2
DA:83,2
DA:84,2
DA:85,2
DA:86,2
DA:87,2
DA:88,2
DA:89,2
DA:90,2
DA:91,2
DA:92,2
DA:93,2
DA:94,2
DA:95,2
DA:96,2
DA:97,2
DA:98,2
DA:99,2
DA:100,2
DA:101,2
DA:102,2
DA:103,2
DA:104,2
DA:105,2
DA:106,2
DA:107,1
DA:108,1
DA:109,1
DA:110,1
DA:111,1
DA:112,0
DA:113,0
DA:114,0
DA:115,0
DA:116,0
DA:117,0
DA:118,0
DA:119,0
DA:120,0
DA:121,0
DA:122,0
DA:123,0
DA:124,1
DA:125,1
DA:126,1
DA:127,1
DA:128,1
DA:129,0
DA:130,0
DA:131,0
DA:132,0
DA:133,0
DA:134,0
DA:135,0
DA:136,1
DA:137,1
DA:138,1
DA:139,1
DA:140,1
DA:141,0
DA:142,0
DA:143,0
DA:144,0
DA:145,0
DA:146,0
DA:147,1
DA:148,1
DA:149,1
DA:150,1
DA:151,1
DA:152,0
DA:153,0
DA:154,0
DA:155,0
DA:156,0
DA:157,0
DA:158,0
DA:159,0
DA:160,0
DA:161,0
DA:162,0
DA:163,1
DA:164,1
DA:165,1
DA:166,1
DA:167,1
DA:168,1
DA:169,1
DA:170,1
DA:171,1
DA:172,1
DA:173,1
DA:174,1
DA:175,1
DA:176,1
DA:177,1
DA:178,1
DA:179,0
DA:180,0
DA:181,0
DA:182,0
DA:183,0
DA:184,0
DA:185,0
DA:186,0
DA:187,0
DA:188,0
DA:189,0
DA:190,0
DA:191,0
DA:192,0
DA:193,0
DA:194,0
DA:195,0
DA:196,1
DA:197,1
DA:198,1
DA:199,1
DA:200,1
DA:201,0
DA:202,0
DA:203,0
DA:204,0
DA:205,0
DA:206,1
DA:207,1
DA:208,1
DA:209,1
DA:210,1
DA:211,1
DA:212,1
DA:213,1
DA:214,1
DA:215,1
DA:216,1
DA:217,1
DA:218,1
DA:219,4
DA:220,4
DA:221,2
DA:222,4
LF:222
LH:159
BRDA:1,0,0,1
BRDA:34,1,0,4
BRDA:36,2,0,1
BRDA:37,3,0,3
BRDA:38,4,0,1
BRDA:39,5,0,2
BRDA:76,6,0,2
BRDA:91,7,0,0
BRDA:92,8,0,0
BRDA:95,9,0,1
BRDA:95,10,0,0
BRDA:96,11,0,1
BRDA:218,12,0,4
BRDA:219,13,0,1
BRDA:220,14,0,3
BRDA:220,15,0,1
BRDA:221,16,0,2
BRF:17
BRH:14
end_of_record
TN:
SF:prototype/web-v1/ui/helpers/data-config.js
FN:28,typeOfValue
FN:34,assertConfigPath
FN:41,validateDataConfigShape
FN:124,validateLoadedDataConfig
FN:133,createDefaultDataConfig
FN:137,loadDataConfigFiles
FN:184,normalizeRouteData
FNF:7
FNH:7
FNDA:2006,typeOfValue
FNDA:2006,assertConfigPath
FNDA:133,validateDataConfigShape
FNDA:7,validateLoadedDataConfig
FNDA:19,createDefaultDataConfig
FNDA:19,loadDataConfigFiles
FNDA:2,normalizeRouteData
DA:1,2
DA:2,2
DA:3,2
DA:4,2
DA:5,2
DA:6,2
DA:7,2
DA:8,2
DA:9,2
DA:10,2
DA:11,2
DA:12,2
DA:13,2
DA:14,2
DA:15,2
DA:16,2
DA:17,2
DA:18,2
DA:19,2
DA:20,2
DA:21,2
DA:22,2
DA:23,2
DA:24,2
DA:25,2
DA:26,2
DA:27,2
DA:28,2006
DA:29,2006
DA:30,2006
DA:31,1923
DA:32,2006
DA:33,2
DA:34,2006
DA:35,2006
DA:36,2006
DA:37,7
DA:38,7
DA:39,2006
DA:40,2
DA:41,2
DA:42,133
DA:43,14
DA:44,14
DA:45,81
DA:46,81
DA:47,81
DA:48,81
DA:49,81
DA:50,81
DA:51,81
DA:52,14
DA:53,14
DA:54,14
DA:55,119
DA:56,133
DA:57,12
DA:58,12
DA:59,57
DA:60,57
DA:61,57
DA:62,57
DA:63,57
DA:64,57
DA:65,12
DA:66,12
DA:67,12
DA:68,107
DA:69,133
DA:70,19
DA:71,19
DA:72,272
DA:73,272
DA:74,19
DA:75,19
DA:76,19
DA:77,133
DA:78,17
DA:79,17
DA:80,17
DA:81,17
DA:82,133
DA:83,17
DA:84,17
DA:85,17
DA:86,17
DA:87,133
DA:88,17
DA:89,17
DA:90,87
DA:91,87
DA:92,87
DA:93,1
DA:94,1
DA:95,1
DA:96,1
DA:97,1
DA:98,17
DA:99,17
DA:100,17
DA:101,133
DA:102,10
DA:103,10
DA:104,92
DA:105,10
DA:106,10
DA:107,10
DA:108,133
DA:109,18
DA:110,18
DA:111,18
DA:112,18
DA:113,9
DA:114,9
DA:115,9
DA:116,9
DA:117,42
DA:118,42
DA:119,9
DA:120,9
DA:121,9
DA:122,133
DA:123,2
DA:124,2
DA:125,7
DA:126,7
DA:127,7
DA:128,7
DA:129,7
DA:130,7
DA:131,7
DA:132,2
DA:133,2
DA:134,19
DA:135,19
DA:136,2
DA:137,2
DA:138,19
DA:139,19
DA:140,19
DA:141,19
DA:142,128
DA:143,128
DA:144,128
DA:145,2
DA:146,2
DA:147,2
DA:148,125
DA:149,125
DA:150,125
DA:151,128
DA:152,1
DA:153,1
DA:154,124
DA:155,124
DA:156,128
DA:157,12
DA:158,12
DA:159,12
DA:160,12
DA:161,12
DA:162,12
DA:163,12
DA:164,12
DA:165,12
DA:166,12
DA:167,12
DA:168,128
DA:169,7
DA:170,7
DA:171,7
DA:172,19
DA:173,0
DA:174,0
DA:175,0
DA:176,0
DA:177,0
DA:178,0
DA:179,0
DA:180,0
DA:181,7
DA:182,19
DA:183,2
DA:184,2
DA:185,2
DA:186,30
DA:187,30
DA:188,30
DA:189,30
DA:190,30
DA:191,30
DA:192,30
DA:193,30
DA:194,30
DA:195,30
DA:196,30
DA:197,2
DA:198,2
DA:199,2
DA:200,2
DA:201,2
DA:202,2
DA:203,2
DA:204,2
DA:205,2
DA:206,2
DA:207,2
DA:208,2
LF:208
LH:200
BRDA:1,0,0,2
BRDA:28,1,0,2006
BRDA:29,2,0,80
BRDA:30,3,0,1926
BRDA:30,4,0,3
BRDA:31,5,0,1923
BRDA:34,6,0,2006
BRDA:36,7,0,7
BRDA:41,8,0,133
BRDA:42,9,0,14
BRDA:55,10,0,119
BRDA:56,11,0,12
BRDA:68,12,0,107
BRDA:69,13,0,19
BRDA:77,14,0,88
BRDA:77,15,0,17
BRDA:82,16,0,71
BRDA:82,17,0,17
BRDA:87,18,0,54
BRDA:87,19,0,17
BRDA:101,20,0,37
BRDA:101,21,0,10
BRDA:108,22,0,27
BRDA:108,23,0,77
BRDA:108,24,0,18
BRDA:113,25,0,9
BRDA:44,26,0,81
BRDA:58,27,0,57
BRDA:71,28,0,272
BRDA:89,29,0,87
BRDA:92,30,0,86
BRDA:92,31,0,1
BRDA:103,32,0,92
BRDA:116,33,0,42
BRDA:124,34,0,7
BRDA:125,35,0,0
BRDA:126,36,0,0
BRDA:127,37,0,0
BRDA:128,38,0,0
BRDA:129,39,0,0
BRDA:130,40,0,0
BRDA:133,41,0,19
BRDA:137,42,0,19
BRDA:141,43,0,128
BRDA:144,44,0,127
BRDA:144,45,0,2
BRDA:145,46,0,1
BRDA:145,47,0,1
BRDA:148,48,0,125
BRDA:151,49,0,124
BRDA:151,50,0,1
BRDA:154,51,0,124
BRDA:156,52,0,12
BRDA:169,53,0,7
BRDA:172,54,0,0
BRDA:181,55,0,7
BRDA:184,56,0,2
BRDA:185,57,0,0
BRDA:185,58,0,30
BRDA:186,59,0,0
BRDA:188,60,0,0
BRDA:195,61,0,0
BRDA:196,62,0,0
BRDA:197,63,0,28
BRDA:201,64,0,30
BRDA:202,65,0,30
BRDA:203,66,0,30
BRDA:203,67,0,0
BRDA:204,68,0,30
BRDA:205,69,0,30
BRDA:205,70,0,10
BRDA:206,71,0,30
BRF:72
BRH:59
end_of_record
TN:
SF:prototype/web-v1/ui/helpers/debrief.js
FN:5,computeDecisionPattern
FN:17,computeDominantRiskAxis
FN:19,bump
FN:43,buildRunSignature
FN:56,buildSignalInterpretationHint
FNF:5
FNH:5
FNDA:5,computeDecisionPattern
FNDA:7,computeDominantRiskAxis
FNDA:20,bump
FNDA:3,buildRunSignature
FNDA:8,buildSignalInterpretationHint
DA:1,1
DA:2,1
DA:3,1
DA:4,1
DA:5,1
DA:6,5
DA:7,5
DA:8,5
DA:9,5
DA:10,5
DA:11,5
DA:12,5
DA:13,5
DA:14,1
DA:15,5
DA:16,1
DA:17,1
DA:18,7
DA:19,7
DA:20,7
DA:21,7
DA:22,12
DA:23,12
DA:24,12
DA:25,12
DA:26,12
DA:27,12
DA:28,7
DA:29,7
DA:30,7
DA:31,3
DA:32,3
DA:33,7
DA:34,7
DA:35,7
DA:36,7
DA:37,7
DA:38,7
DA:39,7
DA:40,7
DA:41,7
DA:42,1
DA:43,1
DA:44,3
DA:45,3
DA:46,3
DA:47,3
DA:48,3
DA:49,3
DA:50,3
DA:51,3
DA:52,3
DA:53,3
DA:54,1
DA:55,1
DA:56,1
DA:57,8
DA:58,8
DA:59,8
DA:60,8
DA:61,8
DA:62,1
DA:63,1
DA:64,8
DA:65,2
DA:66,2
DA:67,8
DA:68,2
DA:69,2
DA:70,8
DA:71,2
DA:72,2
DA:73,1
DA:74,8
LF:74
LH:74
BRDA:1,0,0,1
BRDA:5,1,0,5
BRDA:11,2,0,1
BRDA:12,3,0,4
BRDA:12,4,0,2
BRDA:13,5,0,1
BRDA:7,6,0,29
BRDA:8,7,0,29
BRDA:9,8,0,29
BRDA:17,9,0,7
BRDA:35,10,0,1
BRDA:36,11,0,0
BRDA:37,12,0,1
BRDA:38,13,0,6
BRDA:38,14,0,2
BRDA:19,15,0,20
BRDA:21,16,0,12
BRDA:22,17,0,0
BRDA:23,18,0,3
BRDA:24,19,0,1
BRDA:25,20,0,9
BRDA:25,21,0,3
BRDA:26,22,0,3
BRDA:27,23,0,3
BRDA:23,24,0,9
BRDA:23,25,0,7
BRDA:23,26,0,6
BRDA:24,27,0,9
BRDA:26,28,0,9
BRDA:26,29,0,8
BRDA:26,30,0,7
BRDA:27,31,0,9
BRDA:27,32,0,8
BRDA:27,33,0,7
BRDA:30,34,0,3
BRDA:31,35,0,2
BRDA:32,36,0,1
BRDA:40,37,0,45
BRDA:43,38,0,3
BRDA:45,39,0,2
BRDA:46,40,0,2
BRDA:47,41,0,1
BRDA:48,42,0,2
BRDA:49,43,0,2
BRDA:50,44,0,2
BRDA:51,45,0,2
BRDA:56,46,0,8
BRDA:57,47,0,1
BRDA:58,48,0,5
BRDA:59,49,0,7
BRDA:61,50,0,1
BRDA:64,51,0,7
BRDA:64,52,0,6
BRDA:64,53,0,2
BRDA:67,54,0,5
BRDA:67,55,0,4
BRDA:67,56,0,2
BRDA:70,57,0,3
BRDA:70,58,0,2
BRDA:70,59,0,2
BRDA:73,60,0,1
BRF:61
BRH:59
end_of_record
TN:
SF:prototype/web-v1/ui/helpers/events.js
FN:13,applyTurnEvents
FN:23,maybeApplyCharacterEvent
FNF:2
FNH:2
FNDA:1,applyTurnEvents
FNDA:2,maybeApplyCharacterEvent
DA:1,3
DA:2,3
DA:3,3
DA:4,3
DA:5,3
DA:6,3
DA:7,3
DA:8,3
DA:9,3
DA:10,3
DA:11,3
DA:12,3
DA:13,3
DA:14,1
DA:15,1
DA:16,1
DA:17,1
DA:18,1
DA:19,1
DA:20,1
DA:21,1
DA:22,3
DA:23,3
DA:24,2
DA:25,2
LF:25
LH:25
BRDA:1,0,0,3
BRDA:13,1,0,1
BRDA:19,2,0,0
BRDA:23,3,0,2
BRF:4
BRH:3
end_of_record
TN:
SF:prototype/web-v1/ui/helpers/modal-controller.js
FN:3,openTutorialStyleModal
FN:11,closeTutorialStyleModal
FN:17,bindBackdropClose
FNF:3
FNH:2
FNDA:0,openTutorialStyleModal
FNDA:40,closeTutorialStyleModal
FNDA:63,bindBackdropClose
DA:1,1
DA:2,1
DA:3,1
DA:4,0
DA:5,0
DA:6,0
DA:7,0
DA:8,0
DA:9,0
DA:10,1
DA:11,1
DA:12,40
DA:13,40
DA:14,0
DA:15,40
DA:16,1
DA:17,1
DA:18,63
DA:19,63
DA:20,0
DA:21,0
DA:22,0
DA:23,63
LF:23
LH:13
BRDA:1,0,0,1
BRDA:11,1,0,40
BRDA:14,2,0,0
BRDA:17,3,0,63
BRDA:19,4,0,0
BRDA:20,5,0,0
BRF:6
BRH:3
end_of_record
TN:
SF:prototype/web-v1/ui/helpers/narrative.js
FN:133,pickNarrative
FN:159,resolveNarrativeText
FN:168,pick
FNF:3
FNH:3
FNDA:10,pickNarrative
FNDA:6,resolveNarrativeText
FNDA:5,pick
DA:1,1
DA:2,1
DA:3,1
DA:4,1
DA:5,1
DA:6,1
DA:7,1
DA:8,1
DA:9,1
DA:10,1
DA:11,1
DA:12,1
DA:13,1
DA:14,1
DA:15,1
DA:16,1
DA:17,1
DA:18,1
DA:19,1
DA:20,1
DA:21,1
DA:22,1
DA:23,1
DA:24,1
DA:25,1
DA:26,1
DA:27,1
DA:28,1
DA:29,1
DA:30,1
DA:31,1
DA:32,1
DA:33,1
DA:34,1
DA:35,1
DA:36,1
DA:37,1
DA:38,1
DA:39,1
DA:40,1
DA:41,1
DA:42,1
DA:43,1
DA:44,1
DA:45,1
DA:46,1
DA:47,1
DA:48,1
DA:49,1
DA:50,1
DA:51,1
DA:52,1
DA:53,1
DA:54,1
DA:55,1
DA:56,1
DA:57,1
DA:58,1
DA:59,1
DA:60,1
DA:61,1
DA:62,1
DA:63,1
DA:64,1
DA:65,1
DA:66,1
DA:67,1
DA:68,1
DA:69,1
DA:70,1
DA:71,1
DA:72,1
DA:73,1
DA:74,1
DA:75,1
DA:76,1
DA:77,1
DA:78,1
DA:79,1
DA:80,1
DA:81,1
DA:82,1
DA:83,1
DA:84,1
DA:85,1
DA:86,1
DA:87,1
DA:88,1
DA:89,1
DA:90,1
DA:91,1
DA:92,1
DA:93,1
DA:94,1
DA:95,1
DA:96,1
DA:97,1
DA:98,1
DA:99,1
DA:100,1
DA:101,1
DA:102,1
DA:103,1
DA:104,1
DA:105,1
DA:106,1
DA:107,1
DA:108,1
DA:109,1
DA:110,1
DA:111,1
DA:112,1
DA:113,1
DA:114,1
DA:115,1
DA:116,1
DA:117,1
DA:118,1
DA:119,1
DA:120,1
DA:121,1
DA:122,1
DA:123,1
DA:124,1
DA:125,1
DA:126,1
DA:127,1
DA:128,1
DA:129,1
DA:130,1
DA:131,1
DA:132,1
DA:133,1
DA:134,10
DA:135,10
DA:136,10
DA:137,10
DA:138,10
DA:139,1
DA:140,1
DA:141,1
DA:142,1
DA:143,1
DA:144,1
DA:145,1
DA:146,1
DA:147,1
DA:148,1
DA:149,1
DA:150,1
DA:151,1
DA:152,1
DA:153,1
DA:154,1
DA:155,1
DA:156,1
DA:157,1
DA:158,1
DA:159,1
DA:160,6
DA:161,6
DA:162,6
DA:163,6
DA:164,6
DA:165,6
DA:166,6
DA:167,6
DA:168,6
DA:169,6
DA:170,6
DA:171,6
DA:172,6
DA:173,6
DA:174,6
DA:175,6
DA:176,6
DA:177,6
DA:178,6
DA:179,6
DA:180,6
DA:181,6
DA:182,6
DA:183,6
DA:184,6
DA:185,6
DA:186,6
DA:187,6
DA:188,6
DA:189,6
DA:190,6
DA:191,4
DA:192,4
DA:193,6
DA:194,1
DA:195,1
DA:196,1
DA:197,1
DA:198,6
DA:199,1
DA:200,1
DA:201,1
DA:202,6
DA:203,6
DA:204,6
DA:205,1
DA:206,1
DA:207,6
DA:208,6
DA:209,0
DA:210,6
LF:210
LH:209
BRDA:1,0,0,1
BRDA:133,1,0,10
BRDA:134,2,0,2
BRDA:134,3,0,0
BRDA:134,4,0,8
BRDA:135,5,0,1
BRDA:136,6,0,9
BRDA:136,7,0,0
BRDA:159,8,0,6
BRDA:171,9,0,1
BRDA:172,10,0,5
BRDA:172,11,0,0
BRDA:173,12,0,5
BRDA:173,13,0,0
BRDA:174,14,0,5
BRDA:174,15,0,0
BRDA:175,16,0,5
BRDA:175,17,0,1
BRDA:176,18,0,4
BRDA:176,19,0,0
BRDA:177,20,0,4
BRDA:177,21,0,0
BRDA:178,22,0,4
BRDA:178,23,0,0
BRDA:179,24,0,4
BRDA:179,25,0,0
BRDA:180,26,0,4
BRDA:180,27,0,0
BRDA:181,28,0,4
BRDA:181,29,0,0
BRDA:182,30,0,4
BRDA:182,31,0,0
BRDA:183,32,0,4
BRDA:183,33,0,0
BRDA:184,34,0,4
BRDA:184,35,0,0
BRDA:185,36,0,4
BRDA:185,37,0,0
BRDA:186,38,0,4
BRDA:186,39,0,0
BRDA:187,40,0,4
BRDA:187,41,0,0
BRDA:188,42,0,4
BRDA:188,43,0,0
BRDA:189,44,0,4
BRDA:189,45,0,0
BRDA:190,46,0,4
BRDA:190,47,0,0
BRDA:191,48,0,4
BRDA:193,49,0,3
BRDA:193,50,0,1
BRDA:194,51,0,0
BRDA:195,52,0,0
BRDA:198,53,0,3
BRDA:198,54,0,1
BRDA:200,55,0,0
BRDA:202,56,0,2
BRDA:202,57,0,1
BRDA:203,58,0,0
BRDA:204,59,0,1
BRDA:204,60,0,0
BRDA:205,61,0,1
BRDA:207,62,0,1
BRDA:208,63,0,0
BRDA:208,64,0,0
BRDA:168,65,0,5
BRF:66
BRH:39
end_of_record
TN:
SF:prototype/web-v1/ui/helpers/nationality.js
FN:1,deriveIsoFromFlag
FN:15,getNationalityBadge
FNF:2
FNH:2
FNDA:8,deriveIsoFromFlag
FNDA:5,getNationalityBadge
DA:1,8
DA:2,8
DA:3,3
DA:4,8
DA:5,1
DA:6,1
DA:7,2
DA:8,2
DA:9,2
DA:10,1
DA:11,6
DA:12,1
DA:13,8
DA:14,2
DA:15,2
DA:16,5
DA:17,5
DA:18,5
DA:19,5
DA:20,5
DA:21,5
DA:22,5
DA:23,2
DA:24,2
LF:24
LH:24
BRDA:1,0,0,2
BRDA:1,1,0,8
BRDA:2,2,0,4
BRDA:2,3,0,5
BRDA:3,4,0,3
BRDA:4,5,0,6
BRDA:4,6,0,2
BRDA:5,7,0,1
BRDA:11,8,0,0
BRDA:12,9,0,1
BRDA:3,10,0,13
BRDA:6,11,0,2
BRDA:8,12,0,0
BRDA:11,13,0,2
BRDA:15,14,0,5
BRDA:16,15,0,1
BRDA:18,16,0,1
BRDA:18,17,0,1
BRDA:19,18,0,1
BRDA:19,19,0,4
BRDA:20,20,0,1
BRDA:20,21,0,4
BRF:22
BRH:20
end_of_record
TN:
SF:prototype/web-v1/ui/helpers/routing.js
FN:1,parseDeepLinkHash
FN:19,syncScreenHash
FNF:2
FNH:2
FNDA:34,parseDeepLinkHash
FNDA:25,syncScreenHash
DA:1,3
DA:2,34
DA:3,34
DA:4,29
DA:5,29
DA:6,34
DA:7,29
DA:8,34
DA:9,49
DA:10,49
DA:11,3
DA:12,3
DA:13,3
DA:14,46
DA:15,46
DA:16,29
DA:17,34
DA:18,3
DA:19,3
DA:20,25
DA:21,23
DA:22,23
DA:23,25
DA:24,1
DA:25,1
DA:26,25
LF:26
LH:26
BRDA:1,0,0,3
BRDA:1,1,0,34
BRDA:3,2,0,32
BRDA:3,3,0,5
BRDA:4,4,0,29
BRDA:6,5,0,0
BRDA:7,6,0,29
BRDA:8,7,0,49
BRDA:10,8,0,3
BRDA:14,9,0,46
BRDA:16,10,0,29
BRDA:19,11,0,25
BRDA:20,12,0,2
BRDA:21,13,0,23
BRDA:23,14,0,1
BRF:15
BRH:14
end_of_record
TN:
SF:prototype/web-v1/ui/helpers/run-log.js
FN:51,buildTurnLogEntry
FN:131,summarizeRunLog
FN:161,annotateRunLogOutcome
FN:177,buildRunLogExport
FNF:4
FNH:4
FNDA:28,buildTurnLogEntry
FNDA:23,summarizeRunLog
FNDA:1,annotateRunLogOutcome
FNDA:10,buildRunLogExport
DA:1,3
DA:2,3
DA:3,3
DA:4,3
DA:5,3
DA:6,3
DA:7,3
DA:8,3
DA:9,3
DA:10,3
DA:11,3
DA:12,3
DA:13,3
DA:14,3
DA:15,3
DA:16,3
DA:17,3
DA:18,3
DA:19,3
DA:20,3
DA:21,3
DA:22,3
DA:23,3
DA:24,3
DA:25,3
DA:26,3
DA:27,3
DA:28,3
DA:29,3
DA:30,3
DA:31,3
DA:32,3
DA:33,3
DA:34,3
DA:35,3
DA:36,3
DA:37,3
DA:38,3
DA:39,3
DA:40,3
DA:41,3
DA:42,3
DA:43,3
DA:44,3
DA:45,3
DA:46,3
DA:47,3
DA:48,3
DA:49,3
DA:50,3
DA:51,3
DA:52,28
DA:53,28
DA:54,28
DA:55,28
DA:56,28
DA:57,28
DA:58,28
DA:59,28
DA:60,28
DA:61,28
DA:62,28
DA:63,28
DA:64,28
DA:65,28
DA:66,28
DA:67,28
DA:68,28
DA:69,28
DA:70,28
DA:71,28
DA:72,28
DA:73,28
DA:74,28
DA:75,28
DA:76,28
DA:77,28
DA:78,28
DA:79,28
DA:80,28
DA:81,28
DA:82,28
DA:83,28
DA:84,28
DA:85,28
DA:86,28
DA:87,28
DA:88,28
DA:89,28
DA:90,28
DA:91,28
DA:92,28
DA:93,28
DA:94,28
DA:95,28
DA:96,28
DA:97,28
DA:98,28
DA:99,28
DA:100,28
DA:101,28
DA:102,28
DA:103,28
DA:104,28
DA:105,28
DA:106,28
DA:107,28
DA:108,28
DA:109,28
DA:110,3
DA:111,3
DA:112,3
DA:113,3
DA:114,3
DA:115,3
DA:116,3
DA:117,3
DA:118,3
DA:119,3
DA:120,3
DA:121,3
DA:122,3
DA:123,3
DA:124,3
DA:125,3
DA:126,3
DA:127,3
DA:128,3
DA:129,3
DA:130,3
DA:131,3
DA:132,23
DA:133,23
DA:134,23
DA:135,23
DA:136,23
DA:137,23
DA:138,23
DA:139,23
DA:140,23
DA:141,41
DA:142,12
DA:143,41
DA:144,41
DA:145,41
DA:146,41
DA:147,41
DA:148,23
DA:149,23
DA:150,23
DA:151,23
DA:152,3
DA:153,3
DA:154,3
DA:155,3
DA:156,3
DA:157,3
DA:158,3
DA:159,3
DA:160,3
DA:161,3
DA:162,1
DA:163,1
DA:164,3
DA:165,3
DA:166,3
DA:167,3
DA:168,3
DA:169,3
DA:170,3
DA:171,3
DA:172,3
DA:173,3
DA:174,3
DA:175,3
DA:176,3
DA:177,3
DA:178,10
DA:179,9
DA:180,9
DA:181,17
DA:182,9
DA:183,9
DA:184,10
LF:184
LH:184
BRDA:1,0,0,3
BRDA:51,1,0,28
BRDA:66,2,0,0
BRDA:91,3,0,27
BRDA:91,4,0,26
BRDA:91,5,0,2
BRDA:92,6,0,27
BRDA:92,7,0,26
BRDA:92,8,0,2
BRDA:106,9,0,27
BRDA:131,10,0,23
BRDA:140,11,0,41
BRDA:141,12,0,2
BRDA:144,13,0,7
BRDA:145,14,0,4
BRDA:146,15,0,4
BRDA:147,16,0,2
BRDA:141,17,0,12
BRDA:161,18,0,1
BRDA:162,19,0,0
BRDA:162,20,0,2
BRDA:177,21,0,10
BRDA:178,22,0,1
BRDA:179,23,0,9
BRDA:180,24,0,17
BRDA:181,25,0,10
BRDA:181,26,0,8
BRDA:182,27,0,9
BRF:28
BRH:26
end_of_record
TN:
SF:prototype/web-v1/ui/helpers/runtime-diagnostics.js
FN:13,readMessage
FN:17,classifyDataLoadError
FN:26,formatRuntimeDiagnosticReport
FN:37,shouldLogRuntimeDiagnostics
FN:48,reportRuntimeDiagnostic
FNF:5
FNH:4
FNDA:17,readMessage
FNDA:17,classifyDataLoadError
FNDA:1,formatRuntimeDiagnosticReport
FNDA:3,shouldLogRuntimeDiagnostics
FNDA:0,reportRuntimeDiagnostic
DA:1,3
DA:2,3
DA:3,3
DA:4,3
DA:5,3
DA:6,3
DA:7,3
DA:8,3
DA:9,3
DA:10,3
DA:11,3
DA:12,3
DA:13,17
DA:14,17
DA:15,17
DA:16,3
DA:17,3
DA:18,17
DA:19,17
DA:20,17
DA:21,17
DA:22,17
DA:23,2
DA:24,17
DA:25,3
DA:26,3
DA:27,1
DA:28,1
DA:29,1
DA:30,1
DA:31,1
DA:32,1
DA:33,1
DA:34,1
DA:35,1
DA:36,3
DA:37,3
DA:38,3
DA:39,3
DA:40,3
DA:41,3
DA:42,3
DA:43,3
DA:44,0
DA:45,0
DA:46,3
DA:47,3
DA:48,3
DA:49,0
DA:50,0
DA:51,0
DA:52,0
DA:53,0
LF:53
LH:46
BRDA:1,0,0,3
BRDA:13,1,0,17
BRDA:14,2,0,0
BRDA:14,3,0,0
BRDA:17,4,0,17
BRDA:19,5,0,2
BRDA:20,6,0,15
BRDA:20,7,0,2
BRDA:21,8,0,13
BRDA:21,9,0,2
BRDA:22,10,0,11
BRDA:22,11,0,13
BRDA:22,12,0,9
BRDA:23,13,0,2
BRDA:26,14,0,1
BRDA:27,15,0,0
BRDA:28,16,0,0
BRDA:29,17,0,0
BRDA:29,18,0,0
BRDA:37,19,0,3
BRDA:39,20,0,0
BRDA:40,21,0,1
BRDA:41,22,0,2
BRDA:41,23,0,1
BRDA:43,24,0,0
BRF:25
BRH:17
end_of_record
TN:
SF:prototype/web-v1/ui/helpers/screen-utils.js
FN:23,formatMinutes
FN:37,formatTrendArrow
FN:52,confidenceTier
FN:75,getTimeOfDayBucket
FN:93,getPersistenceTier
FN:127,getOutcomeClass
FN:140,bodyValueClass
FN:152,capacityLabel
FN:166,fatigueLabel
FN:180,exposureLabel
FN:197,pressureDeltaLabel
FN:211,pressureBandLabel
FN:237,resolveNavigationTarget
FNF:13
FNH:13
FNDA:8,formatMinutes
FNDA:7,formatTrendArrow
FNDA:9,confidenceTier
FNDA:12,getTimeOfDayBucket
FNDA:10,getPersistenceTier
FNDA:13,getOutcomeClass
FNDA:10,bodyValueClass
FNDA:12,capacityLabel
FNDA:10,fatigueLabel
FNDA:10,exposureLabel
FNDA:9,pressureDeltaLabel
FNDA:10,pressureBandLabel
FNDA:30,resolveNavigationTarget
DA:1,3
DA:2,3
DA:3,3
DA:4,3
DA:5,3
DA:6,3
DA:7,3
DA:8,3
DA:9,3
DA:10,3
DA:11,3
DA:12,3
DA:13,3
DA:14,3
DA:15,3
DA:16,3
DA:17,3
DA:18,3
DA:19,3
DA:20,3
DA:21,3
DA:22,3
DA:23,3
DA:24,8
DA:25,8
DA:26,8
DA:27,8
DA:28,8
DA:29,3
DA:30,3
DA:31,3
DA:32,3
DA:33,3
DA:34,3
DA:35,3
DA:36,3
DA:37,3
DA:38,7
DA:39,7
DA:40,3
DA:41,7
DA:42,3
DA:43,3
DA:44,3
DA:45,3
DA:46,3
DA:47,3
DA:48,3
DA:49,3
DA:50,3
DA:51,3
DA:52,3
DA:53,9
DA:54,9
DA:55,3
DA:56,9
DA:57,3
DA:58,3
DA:59,3
DA:60,3
DA:61,3
DA:62,3
DA:63,3
DA:64,3
DA:65,3
DA:66,3
DA:67,3
DA:68,3
DA:69,3
DA:70,3
DA:71,3
DA:72,3
DA:73,3
DA:74,3
DA:75,3
DA:76,12
DA:77,12
DA:78,12
DA:79,12
DA:80,12
DA:81,2
DA:82,12
DA:83,3
DA:84,3
DA:85,3
DA:86,3
DA:87,3
DA:88,3
DA:89,3
DA:90,3
DA:91,3
DA:92,3
DA:93,3
DA:94,10
DA:95,10
DA:96,10
DA:97,10
DA:98,2
DA:99,10
DA:100,3
DA:101,3
DA:102,3
DA:103,3
DA:104,3
DA:105,3
DA:106,3
DA:107,3
DA:108,3
DA:109,3
DA:110,3
DA:111,3
DA:112,3
DA:113,3
DA:114,3
DA:115,3
DA:116,3
DA:117,3
DA:118,3
DA:119,3
DA:120,3
DA:121,3
DA:122,3
DA:123,3
DA:124,3
DA:125,3
DA:126,3
DA:127,3
DA:128,13
DA:129,13
DA:130,3
DA:131,3
DA:132,3
DA:133,3
DA:134,3
DA:135,3
DA:136,3
DA:137,3
DA:138,3
DA:139,3
DA:140,3
DA:141,10
DA:142,10
DA:143,4
DA:144,10
DA:145,3
DA:146,3
DA:147,3
DA:148,3
DA:149,3
DA:150,3
DA:151,3
DA:152,3
DA:153,12
DA:154,12
DA:155,12
DA:156,12
DA:157,2
DA:158,12
DA:159,3
DA:160,3
DA:161,3
DA:162,3
DA:163,3
DA:164,3
DA:165,3
DA:166,3
DA:167,10
DA:168,10
DA:169,10
DA:170,10
DA:171,2
DA:172,10
DA:173,3
DA:174,3
DA:175,3
DA:176,3
DA:177,3
DA:178,3
DA:179,3
DA:180,3
DA:181,10
DA:182,10
DA:183,10
DA:184,10
DA:185,2
DA:186,10
DA:187,3
DA:188,3
DA:189,3
DA:190,3
DA:191,3
DA:192,3
DA:193,3
DA:194,3
DA:195,3
DA:196,3
DA:197,3
DA:198,9
DA:199,9
DA:200,9
DA:201,2
DA:202,9
DA:203,3
DA:204,3
DA:205,3
DA:206,3
DA:207,3
DA:208,3
DA:209,3
DA:210,3
DA:211,3
DA:212,10
DA:213,10
DA:214,10
DA:215,10
DA:216,2
DA:217,10
DA:218,3
DA:219,3
DA:220,3
DA:221,3
DA:222,3
DA:223,3
DA:224,3
DA:225,3
DA:226,3
DA:227,3
DA:228,3
DA:229,3
DA:230,3
DA:231,3
DA:232,3
DA:233,3
DA:234,3
DA:235,3
DA:236,3
DA:237,3
DA:238,30
DA:239,30
DA:240,23
DA:241,30
LF:241
LH:241
BRDA:1,0,0,3
BRDA:23,1,0,8
BRDA:37,2,0,7
BRDA:38,3,0,2
BRDA:39,4,0,5
BRDA:39,5,0,2
BRDA:40,6,0,3
BRDA:52,7,0,9
BRDA:53,8,0,3
BRDA:54,9,0,6
BRDA:54,10,0,3
BRDA:75,11,0,12
BRDA:76,12,0,2
BRDA:77,13,0,10
BRDA:77,14,0,2
BRDA:78,15,0,8
BRDA:78,16,0,2
BRDA:79,17,0,6
BRDA:79,18,0,2
BRDA:80,19,0,4
BRDA:80,20,0,2
BRDA:93,21,0,10
BRDA:94,22,0,2
BRDA:95,23,0,8
BRDA:95,24,0,2
BRDA:96,25,0,6
BRDA:96,26,0,2
BRDA:97,27,0,4
BRDA:97,28,0,2
BRDA:127,29,0,13
BRDA:128,30,0,4
BRDA:140,31,0,10
BRDA:141,32,0,3
BRDA:142,33,0,7
BRDA:142,34,0,3
BRDA:143,35,0,4
BRDA:152,36,0,12
BRDA:153,37,0,3
BRDA:154,38,0,9
BRDA:154,39,0,3
BRDA:155,40,0,6
BRDA:155,41,0,2
BRDA:156,42,0,4
BRDA:156,43,0,2
BRDA:166,44,0,10
BRDA:167,45,0,2
BRDA:168,46,0,8
BRDA:168,47,0,2
BRDA:169,48,0,6
BRDA:169,49,0,2
BRDA:170,50,0,4
BRDA:170,51,0,2
BRDA:180,52,0,10
BRDA:181,53,0,2
BRDA:182,54,0,8
BRDA:182,55,0,2
BRDA:183,56,0,6
BRDA:183,57,0,2
BRDA:184,58,0,4
BRDA:184,59,0,2
BRDA:197,60,0,9
BRDA:198,61,0,2
BRDA:199,62,0,7
BRDA:199,63,0,3
BRDA:200,64,0,4
BRDA:200,65,0,2
BRDA:211,66,0,10
BRDA:212,67,0,2
BRDA:213,68,0,8
BRDA:213,69,0,2
BRDA:214,70,0,6
BRDA:214,71,0,2
BRDA:215,72,0,4
BRDA:215,73,0,2
BRDA:237,74,0,30
BRDA:238,75,0,23
BRDA:239,76,0,16
BRDA:239,77,0,7
BRDA:240,78,0,23
BRF:79
BRH:79
end_of_record
TN:
SF:prototype/web-v1/ui/helpers/selectors.js
FN:1,getConfiguredScenarios
FN:5,getRandomScenarioConfig
FNF:2
FNH:2
FNDA:5,getConfiguredScenarios
FNDA:5,getRandomScenarioConfig
DA:1,1
DA:2,5
DA:3,5
DA:4,1
DA:5,1
DA:6,5
DA:7,5
LF:7
LH:7
BRDA:1,0,0,1
BRDA:1,1,0,5
BRDA:2,2,0,3
BRDA:2,3,0,2
BRDA:2,4,0,4
BRDA:5,5,0,5
BRDA:6,6,0,3
BRDA:6,7,0,2
BRDA:6,8,0,4
BRF:9
BRH:9
end_of_record
TN:
SF:prototype/web-v1/ui/helpers/startup-ui.js
FN:5,getStartupLang
FN:9,startupText
FN:13,setStartupState
FN:46,formatBlockingError
FN:48,text
FN:93,renderBlockingError
FNF:6
FNH:5
FNDA:6,getStartupLang
FNDA:2,startupText
FNDA:3,setStartupState
FNDA:4,formatBlockingError
FNDA:45,text
FNDA:0,renderBlockingError
DA:1,2
DA:2,2
DA:3,2
DA:4,2
DA:5,6
DA:6,6
DA:7,6
DA:8,2
DA:9,2
DA:10,2
DA:11,2
DA:12,2
DA:13,2
DA:14,3
DA:15,3
DA:16,3
DA:17,2
DA:18,2
DA:19,0
DA:20,0
DA:21,0
DA:22,0
DA:23,0
DA:24,0
DA:25,0
DA:26,0
DA:27,2
DA:28,2
DA:29,2
DA:30,2
DA:31,2
DA:32,2
DA:33,2
DA:34,2
DA:35,2
DA:36,2
DA:37,0
DA:38,3
DA:39,3
DA:40,3
DA:41,0
DA:42,0
DA:43,0
DA:44,3
DA:45,2
DA:46,2
DA:47,4
DA:48,4
DA:49,4
DA:50,4
DA:51,0
DA:52,0
DA:53,0
DA:54,0
DA:55,0
DA:56,0
DA:57,0
DA:58,0
DA:59,0
DA:60,4
DA:61,4
DA:62,0
DA:63,0
DA:64,0
DA:65,0
DA:66,0
DA:67,0
DA:68,0
DA:69,0
DA:70,0
DA:71,4
DA:72,4
DA:73,4
DA:74,4
DA:75,4
DA:76,4
DA:77,4
DA:78,4
DA:79,4
DA:80,4
DA:81,4
DA:82,4
DA:83,4
DA:84,4
DA:85,4
DA:86,4
DA:87,4
DA:88,4
DA:89,4
DA:90,4
DA:91,4
DA:92,2
DA:93,2
DA:94,0
DA:95,0
DA:96,0
DA:97,0
DA:98,0
DA:99,0
DA:100,0
DA:101,0
DA:102,0
LF:102
LH:63
BRDA:1,0,0,2
BRDA:5,1,0,6
BRDA:6,2,0,2
BRDA:6,3,0,4
BRDA:9,4,0,2
BRDA:10,5,0,1
BRDA:10,6,0,1
BRDA:13,7,0,3
BRDA:16,8,0,1
BRDA:17,9,0,2
BRDA:18,10,0,0
BRDA:37,11,0,0
BRDA:40,12,0,0
BRDA:46,13,0,4
BRDA:50,14,0,0
BRDA:61,15,0,0
BRDA:84,16,0,1
BRDA:86,17,0,0
BRDA:87,18,0,0
BRDA:88,19,0,0
BRDA:88,20,0,0
BRDA:48,21,0,45
BRDA:48,22,0,11
BRDA:48,23,0,34
BRF:24
BRH:15
end_of_record
TN:
SF:prototype/web-v1/ui/helpers/storage.js
FN:1,safeStorageOp
FN:9,safeGetStorage
FN:14,safeSetStorage
FN:22,safeRemoveStorage
FNF:4
FNH:4
FNDA:142,safeStorageOp
FNDA:77,safeGetStorage
FNDA:62,safeSetStorage
FNDA:3,safeRemoveStorage
DA:1,142
DA:2,142
DA:3,142
DA:4,142
DA:5,4
DA:6,4
DA:7,142
DA:8,4
DA:9,4
DA:10,77
DA:11,77
DA:12,77
DA:13,4
DA:14,4
DA:15,62
DA:16,62
DA:17,62
DA:18,62
DA:19,62
DA:20,62
DA:21,4
DA:22,4
DA:23,3
DA:24,3
DA:25,3
DA:26,3
DA:27,3
DA:28,3
LF:28
LH:28
BRDA:1,0,0,4
BRDA:1,1,0,142
BRDA:4,2,0,4
BRDA:9,3,0,77
BRDA:11,4,0,69
BRDA:11,5,0,8
BRDA:10,6,0,77
BRDA:14,7,0,62
BRDA:15,8,0,62
BRDA:22,9,0,3
BRDA:23,10,0,3
BRF:11
BRH:11
end_of_record
TN:
SF:prototype/web-v1/ui/screens/debrief.js
FN:1,classifyOutcome
FN:15,findTurningPoint
FN:16,t
FN:66,findPrimaryCause
FN:67,t
FN:128,buildReflectionPrompts
FN:129,t
FN:179,buildDebriefAnalytics
FNF:8
FNH:7
FNDA:1,classifyOutcome
FNDA:8,findTurningPoint
FNDA:8,t
FNDA:13,findPrimaryCause
FNDA:132,t
FNDA:13,buildReflectionPrompts
FNDA:53,t
FNDA:0,buildDebriefAnalytics
DA:1,2
DA:2,1
DA:3,1
DA:4,2
DA:5,2
DA:6,2
DA:7,2
DA:8,2
DA:9,2
DA:10,2
DA:11,2
DA:12,2
DA:13,2
DA:14,2
DA:15,2
DA:16,8
DA:17,8
DA:18,8
DA:19,8
DA:20,3
DA:21,3
DA:22,3
DA:23,3
DA:24,3
DA:25,5
DA:26,5
DA:27,8
DA:28,1
DA:29,1
DA:30,1
DA:31,1
DA:32,1
DA:33,1
DA:34,4
DA:35,4
DA:36,8
DA:37,1
DA:38,1
DA:39,1
DA:40,1
DA:41,1
DA:42,3
DA:43,3
DA:44,8
DA:45,1
DA:46,1
DA:47,1
DA:48,1
DA:49,1
DA:50,2
DA:51,2
DA:52,2
DA:53,2
DA:54,2
DA:55,8
DA:56,2
DA:57,2
DA:58,2
DA:59,2
DA:60,2
DA:61,2
DA:62,2
DA:63,2
DA:64,2
DA:65,2
DA:66,2
DA:67,13
DA:68,13
DA:69,13
DA:70,13
DA:71,13
DA:72,13
DA:73,13
DA:74,13
DA:75,13
DA:76,13
DA:77,13
DA:78,13
DA:79,13
DA:80,13
DA:81,13
DA:82,13
DA:83,13
DA:84,13
DA:85,13
DA:86,13
DA:87,13
DA:88,13
DA:89,13
DA:90,13
DA:91,13
DA:92,13
DA:93,13
DA:94,13
DA:95,13
DA:96,13
DA:97,13
DA:98,13
DA:99,13
DA:100,13
DA:101,13
DA:102,13
DA:103,13
DA:104,13
DA:105,13
DA:106,13
DA:107,13
DA:108,13
DA:109,13
DA:110,13
DA:111,13
DA:112,13
DA:113,2
DA:114,2
DA:115,13
DA:116,13
DA:117,2
DA:118,2
DA:119,2
DA:120,2
DA:121,2
DA:122,2
DA:123,2
DA:124,2
DA:125,2
DA:126,2
DA:127,2
DA:128,2
DA:129,13
DA:130,13
DA:131,13
DA:132,13
DA:133,13
DA:134,13
DA:135,13
DA:136,13
DA:137,13
DA:138,13
DA:139,13
DA:140,2
DA:141,2
DA:142,13
DA:143,13
DA:144,2
DA:145,2
DA:146,13
DA:147,13
DA:148,1
DA:149,1
DA:150,13
DA:151,13
DA:152,1
DA:153,1
DA:154,13
DA:155,13
DA:156,1
DA:157,1
DA:158,1
DA:159,1
DA:160,1
DA:161,13
DA:162,13
DA:163,13
DA:164,13
DA:165,13
DA:166,13
DA:167,13
DA:168,13
DA:169,13
DA:170,13
DA:171,13
DA:172,13
DA:173,13
DA:174,13
DA:175,13
DA:176,13
DA:177,13
DA:178,2
DA:179,2
DA:180,0
DA:181,0
DA:182,0
DA:183,0
DA:184,0
DA:185,0
DA:186,0
DA:187,0
DA:188,0
DA:189,0
DA:190,0
DA:191,0
DA:192,0
DA:193,0
DA:194,0
DA:195,0
DA:196,0
DA:197,0
DA:198,0
DA:199,0
DA:200,0
DA:201,0
DA:202,0
DA:203,0
DA:204,0
DA:205,0
DA:206,0
DA:207,0
DA:208,0
DA:209,0
DA:210,0
DA:211,0
DA:212,0
DA:213,0
DA:214,0
DA:215,0
DA:216,0
DA:217,0
LF:217
LH:179
BRDA:1,0,0,2
BRDA:1,1,0,1
BRDA:2,2,0,0
BRDA:15,3,0,8
BRDA:19,4,0,3
BRDA:25,5,0,5
BRDA:27,6,0,1
BRDA:34,7,0,4
BRDA:36,8,0,1
BRDA:42,9,0,3
BRDA:44,10,0,1
BRDA:50,11,0,2
BRDA:16,12,0,8
BRDA:16,13,0,1
BRDA:16,14,0,7
BRDA:18,15,0,8
BRDA:26,16,0,5
BRDA:26,17,0,3
BRDA:28,18,0,1
BRDA:35,19,0,4
BRDA:43,20,0,3
BRDA:66,21,0,13
BRDA:112,22,0,2
BRDA:67,23,0,132
BRDA:67,24,0,10
BRDA:67,25,0,122
BRDA:128,26,0,13
BRDA:139,27,0,2
BRDA:143,28,0,2
BRDA:147,29,0,1
BRDA:151,30,0,1
BRDA:155,31,0,1
BRDA:173,32,0,1
BRDA:129,33,0,53
BRDA:129,34,0,4
BRDA:129,35,0,49
BRDA:138,36,0,17
BRDA:138,37,0,10
BRDA:138,38,0,8
BRDA:142,39,0,17
BRDA:146,40,0,16
BRDA:146,41,0,15
BRDA:150,42,0,15
BRDA:150,43,0,1
BRDA:154,44,0,17
BRDA:154,45,0,16
BRDA:175,46,0,16
BRF:47
BRH:46
end_of_record
TN:
SF:prototype/web-v1/ui/screens/game.js
FN:1,renderContextWidget
FN:54,renderPositionList
FN:60,buildListItems
FNF:3
FNH:2
FNDA:0,renderContextWidget
FNDA:1,renderPositionList
FNDA:2,buildListItems
DA:1,1
DA:2,0
DA:3,0
DA:4,0
DA:5,0
DA:6,0
DA:7,0
DA:8,0
DA:9,0
DA:10,0
DA:11,0
DA:12,0
DA:13,0
DA:14,0
DA:15,0
DA:16,0
DA:17,0
DA:18,0
DA:19,0
DA:20,0
DA:21,0
DA:22,0
DA:23,0
DA:24,0
DA:25,0
DA:26,0
DA:27,0
DA:28,0
DA:29,0
DA:30,0
DA:31,0
DA:32,0
DA:33,0
DA:34,0
DA:35,0
DA:36,0
DA:37,0
DA:38,0
DA:39,0
DA:40,0
DA:41,0
DA:42,0
DA:43,0
DA:44,0
DA:45,0
DA:46,0
DA:47,0
DA:48,0
DA:49,0
DA:50,0
DA:51,0
DA:52,0
DA:53,1
DA:54,1
DA:55,1
DA:56,1
DA:57,1
DA:58,1
DA:59,1
DA:60,1
DA:61,2
DA:62,2
DA:63,6
DA:64,6
DA:65,6
DA:66,6
DA:67,6
DA:68,6
DA:69,6
DA:70,6
DA:71,6
DA:72,6
DA:73,6
DA:74,6
DA:75,6
DA:76,6
DA:77,2
DA:78,2
DA:79,1
DA:80,1
DA:81,1
DA:82,1
DA:83,1
DA:84,1
DA:85,1
LF:85
LH:34
BRDA:1,0,0,1
BRDA:54,1,0,1
BRDA:60,2,0,2
BRDA:62,3,0,6
BRDA:65,4,0,4
BRDA:65,5,0,2
BRDA:65,6,0,0
BRDA:67,7,0,4
BRDA:70,8,0,2
BRDA:70,9,0,4
BRDA:70,10,0,2
BRDA:70,11,0,4
BRDA:70,12,0,2
BRDA:70,13,0,4
BRDA:71,14,0,2
BRDA:74,15,0,2
BRDA:74,16,0,0
BRF:17
BRH:15
end_of_record
TN:
SF:prototype/web-v1/ui/screens/journal.js
FN:33,clearElement
FN:43,migrateJournalKey
FN:59,loadJournal
FN:73,saveJournalEntry
FN:91,clearJournal
FN:104,renderJournal
FNF:6
FNH:3
FNDA:0,clearElement
FNDA:3,migrateJournalKey
FNDA:63,loadJournal
FNDA:58,saveJournalEntry
FNDA:0,clearJournal
FNDA:0,renderJournal
DA:1,1
DA:2,1
DA:3,1
DA:4,1
DA:5,1
DA:6,1
DA:7,1
DA:8,1
DA:9,1
DA:10,1
DA:11,1
DA:12,1
DA:13,1
DA:14,1
DA:15,1
DA:16,1
DA:17,1
DA:18,1
DA:19,1
DA:20,1
DA:21,1
DA:22,1
DA:23,1
DA:24,1
DA:25,1
DA:26,1
DA:27,1
DA:28,1
DA:29,1
DA:30,1
DA:31,1
DA:32,1
DA:33,0
DA:34,0
DA:35,0
DA:36,1
DA:37,1
DA:38,1
DA:39,1
DA:40,1
DA:41,1
DA:42,1
DA:43,1
DA:44,3
DA:45,3
DA:46,1
DA:47,1
DA:48,1
DA:49,3
DA:50,1
DA:51,1
DA:52,1
DA:53,1
DA:54,1
DA:55,1
DA:56,1
DA:57,1
DA:58,1
DA:59,1
DA:60,63
DA:61,63
DA:62,63
DA:63,1
DA:64,1
DA:65,63
DA:66,1
DA:67,1
DA:68,1
DA:69,1
DA:70,1
DA:71,1
DA:72,1
DA:73,1
DA:74,58
DA:75,58
DA:76,58
DA:77,58
DA:78,58
DA:79,58
DA:80,58
DA:81,1
DA:82,1
DA:83,1
DA:84,1
DA:85,1
DA:86,1
DA:87,1
DA:88,1
DA:89,1
DA:90,1
DA:91,1
DA:92,0
DA:93,0
DA:94,0
DA:95,0
DA:96,1
DA:97,1
DA:98,1
DA:99,1
DA:100,1
DA:101,1
DA:102,1
DA:103,1
DA:104,1
DA:105,0
DA:106,0
DA:107,0
DA:108,0
DA:109,0
DA:110,0
DA:111,0
DA:112,0
DA:113,0
DA:114,0
DA:115,0
DA:116,0
DA:117,0
DA:118,0
DA:119,0
DA:120,0
DA:121,0
DA:122,0
DA:123,0
DA:124,0
DA:125,0
DA:126,0
DA:127,0
DA:128,0
DA:129,0
DA:130,0
DA:131,0
DA:132,0
LF:132
LH:97
BRDA:1,0,0,1
BRDA:43,1,0,3
BRDA:45,2,0,2
BRDA:45,3,0,1
BRDA:59,4,0,63
BRDA:61,5,0,4
BRDA:62,6,0,1
BRDA:73,7,0,58
BRDA:77,8,0,5
BRDA:79,9,0,0
BRF:10
BRH:9
end_of_record
TN:
SF:prototype/web-v1/ui/screens/part2.js
FN:1,localizePart2Narrative
FN:14,localizePart2NavLabel
FN:27,renderPart2NarrativeScreen
FNF:3
FNH:1
FNDA:0,localizePart2Narrative
FNDA:1,localizePart2NavLabel
FNDA:0,renderPart2NarrativeScreen
DA:1,1
DA:2,0
DA:3,0
DA:4,0
DA:5,0
DA:6,0
DA:7,0
DA:8,0
DA:9,0
DA:10,0
DA:11,0
DA:12,0
DA:13,1
DA:14,1
DA:15,1
DA:16,1
DA:17,1
DA:18,1
DA:19,1
DA:20,1
DA:21,1
DA:22,1
DA:23,1
DA:24,1
DA:25,1
DA:26,1
DA:27,1
DA:28,0
DA:29,0
DA:30,0
DA:31,0
DA:32,0
DA:33,0
DA:34,0
DA:35,0
DA:36,0
DA:37,0
DA:38,0
DA:39,0
DA:40,0
DA:41,0
DA:42,0
DA:43,0
DA:44,0
DA:45,0
DA:46,0
DA:47,0
DA:48,0
DA:49,0
DA:50,0
DA:51,0
DA:52,0
DA:53,0
DA:54,0
DA:55,0
DA:56,0
DA:57,0
DA:58,0
DA:59,0
DA:60,0
DA:61,0
DA:62,0
DA:63,0
DA:64,0
DA:65,0
DA:66,0
DA:67,0
DA:68,0
DA:69,0
DA:70,0
DA:71,0
DA:72,0
DA:73,0
DA:74,0
DA:75,0
DA:76,0
DA:77,0
DA:78,0
DA:79,0
DA:80,0
DA:81,0
DA:82,0
DA:83,0
DA:84,0
DA:85,0
DA:86,0
DA:87,0
DA:88,0
DA:89,0
DA:90,0
LF:90
LH:16
BRDA:1,0,0,1
BRDA:14,1,0,1
BRDA:24,2,0,0
BRF:3
BRH:2
end_of_record
TN:
SF:prototype/web-v1/ui/screens/title.js
FN:1,renderIntroContent
FN:36,copyProjectShareLink
FN:67,renderTutorialContent
FN:90,renderDifficultySelector
FN:108,button.onclick
FN:125,initWelcomeScreen
FNF:6
FNH:1
FNDA:0,renderIntroContent
FNDA:0,copyProjectShareLink
FNDA:0,renderTutorialContent
FNDA:1,renderDifficultySelector
FNDA:0,button.onclick
FNDA:0,initWelcomeScreen
DA:1,1
DA:2,0
DA:3,0
DA:4,0
DA:5,0
DA:6,0
DA:7,0
DA:8,0
DA:9,0
DA:10,0
DA:11,0
DA:12,0
DA:13,0
DA:14,0
DA:15,0
DA:16,0
DA:17,0
DA:18,0
DA:19,0
DA:20,0
DA:21,0
DA:22,0
DA:23,0
DA:24,0
DA:25,0
DA:26,0
DA:27,0
DA:28,0
DA:29,0
DA:30,0
DA:31,0
DA:32,0
DA:33,0
DA:34,0
DA:35,1
DA:36,1
DA:37,0
DA:38,0
DA:39,0
DA:40,0
DA:41,0
DA:42,0
DA:43,0
DA:44,0
DA:45,0
DA:46,0
DA:47,0
DA:48,0
DA:49,0
DA:50,0
DA:51,0
DA:52,0
DA:53,0
DA:54,0
DA:55,0
DA:56,0
DA:57,0
DA:58,0
DA:59,0
DA:60,0
DA:61,0
DA:62,0
DA:63,0
DA:64,0
DA:65,0
DA:66,1
DA:67,1
DA:68,0
DA:69,0
DA:70,0
DA:71,0
DA:72,0
DA:73,0
DA:74,0
DA:75,0
DA:76,0
DA:77,0
DA:78,0
DA:79,0
DA:80,0
DA:81,0
DA:82,0
DA:83,0
DA:84,0
DA:85,0
DA:86,0
DA:87,0
DA:88,0
DA:89,1
DA:90,1
DA:91,1
DA:92,1
DA:93,1
DA:94,1
DA:95,1
DA:96,1
DA:97,1
DA:98,1
DA:99,1
DA:100,1
DA:101,2
DA:102,2
DA:103,2
DA:104,2
DA:105,2
DA:106,2
DA:107,2
DA:108,2
DA:109,2
DA:110,1
DA:111,1
DA:112,1
DA:113,1
DA:114,1
DA:115,1
DA:116,1
DA:117,1
DA:118,1
DA:119,1
DA:120,1
DA:121,1
DA:122,1
DA:123,1
DA:124,1
DA:125,1
DA:126,0
DA:127,0
DA:128,0
DA:129,0
DA:130,0
DA:131,0
DA:132,0
DA:133,0
DA:134,0
DA:135,0
DA:136,0
DA:137,0
DA:138,0
LF:138
LH:42
BRDA:1,0,0,1
BRDA:90,1,0,1
BRDA:92,2,0,0
BRDA:116,3,0,0
BRDA:116,4,0,0
BRDA:100,5,0,2
BRDA:103,6,0,1
BRDA:103,7,0,1
BRDA:107,8,0,0
BRDA:115,9,0,2
BRF:10
BRH:6
end_of_record
TN:
SF:scripts/run-webv1-tests.js
FN:12,collectTests
FNF:1
FNH:1
FNDA:10,collectTests
DA:1,1
DA:2,1
DA:3,1
DA:4,1
DA:5,1
DA:6,1
DA:7,1
DA:8,1
DA:9,1
DA:10,1
DA:11,1
DA:12,10
DA:13,10
DA:14,10
DA:15,59
DA:16,59
DA:17,9
DA:18,9
DA:19,9
DA:20,59
DA:21,48
DA:22,48
DA:23,59
DA:24,10
DA:25,10
DA:26,1
DA:27,1
DA:28,0
DA:29,0
DA:30,0
DA:31,1
DA:32,1
DA:33,1
DA:34,0
DA:35,0
DA:36,0
DA:37,1
DA:38,1
DA:39,1
DA:40,1
DA:41,1
DA:42,1
DA:43,0
DA:44,0
DA:45,0
DA:46,1
DA:47,1
LF:47
LH:38
BRDA:1,0,0,1
BRDA:27,1,0,0
BRDA:33,2,0,0
BRDA:42,3,0,0
BRDA:47,4,0,0
BRDA:12,5,0,10
BRDA:14,6,0,59
BRDA:16,7,0,9
BRDA:20,8,0,50
BRDA:20,9,0,48
BRF:10
BRH:6
end_of_record
